Using pre-set license
Built from '2020.2/staging' branch; Version is '2020.2.6f1 (8a2143876886) revision 9052483'; Using compiler version '192528614'; Build Type 'Release'
OS: 'Windows 10 Pro; OS build 19042.804; Version 2009; 64bit' Language: 'en' Physical Memory: 16318 MB
BatchMode: 1, IsHumanControllingUs: 0, StartBugReporterOnCrash: 0, Is64bit: 1, IsPro: 0

 COMMAND LINE ARGUMENTS:
D:\2-Programs\Editor_Unity\2020.2.6f1\Editor\Unity.exe
-adb2
-batchMode
-noUpm
-name
AssetImportWorker0
-projectPath
D:/1-Storage/Unity/Exitstageleft/Exit Stage Left - Demo
-logFile
Logs/AssetImportWorker0.log
-srvPort
49663
Successfully changed project path to: D:/1-Storage/Unity/Exitstageleft/Exit Stage Left - Demo
D:/1-Storage/Unity/Exitstageleft/Exit Stage Left - Demo
Using Asset Import Pipeline V2.
Refreshing native plugins compatible for Editor in 129.33 ms, found 1 plugins.
Preloading 0 native plugins for Editor in 0.00 ms.
Initialize engine version: 2020.2.6f1 (8a2143876886)
[Subsystems] Discovering subsystems at path D:/2-Programs/Editor_Unity/2020.2.6f1/Editor/Data/Resources/UnitySubsystems
[Subsystems] Discovering subsystems at path D:/1-Storage/Unity/Exitstageleft/Exit Stage Left - Demo/Assets
GfxDevice: creating device client; threaded=0
Direct3D:
    Version:  Direct3D 11.0 [level 11.1]
    Renderer: NVIDIA GeForce GTX 1060 6GB (ID=0x1b83)
    Vendor:   
    VRAM:     6052 MB
    Driver:   27.21.14.6140
Initialize mono
Mono path[0] = 'D:/2-Programs/Editor_Unity/2020.2.6f1/Editor/Data/Managed'
Mono path[1] = 'D:/2-Programs/Editor_Unity/2020.2.6f1/Editor/Data/MonoBleedingEdge/lib/mono/unityjit'
Mono config path = 'D:/2-Programs/Editor_Unity/2020.2.6f1/Editor/Data/MonoBleedingEdge/etc'
Using monoOptions --debugger-agent=transport=dt_socket,embedding=1,server=y,suspend=n,address=127.0.0.1:56036
Begin MonoManager ReloadAssembly
Registering precompiled unity dll's ...
Register platform support module: D:/2-Programs/Editor_Unity/2020.2.6f1/Editor/Data/PlaybackEngines/WindowsStandaloneSupport/UnityEditor.WindowsStandalone.Extensions.dll
Registered in 0.001790 seconds.
Native extension for WindowsStandalone target not found
Refreshing native plugins compatible for Editor in 42.55 ms, found 1 plugins.
Preloading 0 native plugins for Editor in 0.00 ms.
Invoked RoslynAnalysisRunner static constructor.
RoslynAnalysisRunner will not be running.
RoslynAnalysisRunner has terminated.
Mono: successfully reloaded assembly
- Completed reload, in  3.859 seconds
Platform modules already initialized, skipping
Registering precompiled user dll's ...
Registered in 0.000906 seconds.
Begin MonoManager ReloadAssembly
Native extension for WindowsStandalone target not found
Refreshing native plugins compatible for Editor in 42.83 ms, found 1 plugins.
Preloading 0 native plugins for Editor in 0.00 ms.
Invoked RoslynAnalysisRunner static constructor.
RoslynAnalysisRunner will not be running.
RoslynAnalysisRunner has terminated.
Mono: successfully reloaded assembly
- Completed reload, in  1.435 seconds
Platform modules already initialized, skipping
========================================================================
Worker process is ready to serve import requests
Launched and connected shader compiler UnityShaderCompiler.exe after 0.11 seconds
Refreshing native plugins compatible for Editor in 0.36 ms, found 1 plugins.
Preloading 0 native plugins for Editor in 0.00 ms.
Unloading 1816 Unused Serialized files (Serialized files now loaded: 0)
System memory in use before: 168.8 MB.
System memory in use after: 168.9 MB.

Unloading 19 unused Assets to reduce memory usage. Loaded Objects now: 2285.
Total: 2.052000 ms (FindLiveObjects: 0.146400 ms CreateObjectMapping: 0.059000 ms MarkObjects: 1.786400 ms  DeleteObjects: 0.058800 ms)

========================================================================
Received Import Request.
  path: Assets/Rough Assets/obj002tomato0.png
  artifactKey: Guid(af309d1f0cddc0e4ca968c3d8eaeab39) Importer(815301076,1909f56bfc062723c751e8b465ee728b)
Start importing Assets/Rough Assets/obj002tomato0.png using Guid(af309d1f0cddc0e4ca968c3d8eaeab39) Importer(815301076,1909f56bfc062723c751e8b465ee728b)  -> (artifact id: 'd4c9c54840666ad9408e8f3857617442') in 0.186366 seconds
  Import took 0.189323 seconds .

========================================================================
Received Import Request.
  Time since last request: 13.030543 seconds.
  path: Assets/Rough Assets/obj002tomato0.png
  artifactKey: Guid(af309d1f0cddc0e4ca968c3d8eaeab39) Importer(815301076,1909f56bfc062723c751e8b465ee728b)
Start importing Assets/Rough Assets/obj002tomato0.png using Guid(af309d1f0cddc0e4ca968c3d8eaeab39) Importer(815301076,1909f56bfc062723c751e8b465ee728b)  -> (artifact id: '51ae67733196034f3051826442425521') in 0.010953 seconds
  Import took 0.024398 seconds .

========================================================================
Received Import Request.
  Time since last request: 23.441413 seconds.
  path: Assets/Rough Assets/obj002tomato0.png
  artifactKey: Guid(af309d1f0cddc0e4ca968c3d8eaeab39) Importer(815301076,1909f56bfc062723c751e8b465ee728b)
Start importing Assets/Rough Assets/obj002tomato0.png using Guid(af309d1f0cddc0e4ca968c3d8eaeab39) Importer(815301076,1909f56bfc062723c751e8b465ee728b)  -> (artifact id: '69ea9c55fe79f8e7373e4d70d3e8ac87') in 0.090413 seconds
  Import took 0.099709 seconds .

========================================================================
Received Import Request.
  Time since last request: 15.496393 seconds.
  path: Assets/Rough Assets/obj002tomato0.png
  artifactKey: Guid(af309d1f0cddc0e4ca968c3d8eaeab39) Importer(815301076,1909f56bfc062723c751e8b465ee728b)
Start importing Assets/Rough Assets/obj002tomato0.png using Guid(af309d1f0cddc0e4ca968c3d8eaeab39) Importer(815301076,1909f56bfc062723c751e8b465ee728b)  -> (artifact id: '7a44920902d2a133a6dc0f44a77a21e9') in 0.037395 seconds
  Import took 0.041772 seconds .

========================================================================
Received Import Request.
  Time since last request: 21.075321 seconds.
  path: Assets/Rough Assets/env002audience01middle1hand.png
  artifactKey: Guid(1bde6ef0c78637646a6d6b40f1717f53) Importer(815301076,1909f56bfc062723c751e8b465ee728b)
Start importing Assets/Rough Assets/env002audience01middle1hand.png using Guid(1bde6ef0c78637646a6d6b40f1717f53) Importer(815301076,1909f56bfc062723c751e8b465ee728b)  -> (artifact id: '1743507a9d3e744ef41a3c1fd0ed7273') in 0.016367 seconds
  Import took 0.019745 seconds .

========================================================================
Received Import Request.
  Time since last request: 20.819571 seconds.
  path: Assets/Rough Assets/env002audience01middle1hand.png
  artifactKey: Guid(1bde6ef0c78637646a6d6b40f1717f53) Importer(815301076,1909f56bfc062723c751e8b465ee728b)
Start importing Assets/Rough Assets/env002audience01middle1hand.png using Guid(1bde6ef0c78637646a6d6b40f1717f53) Importer(815301076,1909f56bfc062723c751e8b465ee728b)  -> (artifact id: '4c3380199dd91c8b75af476ee36d00dd') in 0.013846 seconds
  Import took 0.046761 seconds .

========================================================================
Received Prepare
Registering precompiled user dll's ...
Registered in 0.002851 seconds.
Begin MonoManager ReloadAssembly
Native extension for WindowsStandalone target not found
Refreshing native plugins compatible for Editor in 0.31 ms, found 1 plugins.
Preloading 0 native plugins for Editor in 0.00 ms.
Invoked RoslynAnalysisRunner static constructor.
RoslynAnalysisRunner will not be running.
RoslynAnalysisRunner has terminated.
Mono: successfully reloaded assembly
- Completed reload, in  1.271 seconds
Platform modules already initialized, skipping
Switching build target platform(5) subTarget(0) extendedPlatform(0) -> platform(13) subTarget(537395200) extendedPlatform(0)
Refreshing native plugins compatible for Editor in 0.45 ms, found 1 plugins.
Preloading 0 native plugins for Editor in 0.00 ms.
Unloading 1810 Unused Serialized files (Serialized files now loaded: 0)
System memory in use before: 171.5 MB.
System memory in use after: 171.6 MB.

Unloading 8 unused Assets to reduce memory usage. Loaded Objects now: 2295.
Total: 3.139400 ms (FindLiveObjects: 0.345800 ms CreateObjectMapping: 0.096000 ms MarkObjects: 2.678200 ms  DeleteObjects: 0.017900 ms)

AssetImportParameters requested are different than current active one (requested -> active):
  custom:graphics/normal-map-encoding: 01000000000000000000000000000000 -> 02000000000000000000000000000000
========================================================================
Received Prepare
Registering precompiled user dll's ...
Registered in 0.000911 seconds.
Begin MonoManager ReloadAssembly
Native extension for WindowsStandalone target not found
Refreshing native plugins compatible for Editor in 0.64 ms, found 1 plugins.
Preloading 0 native plugins for Editor in 0.00 ms.
Invoked RoslynAnalysisRunner static constructor.
RoslynAnalysisRunner will not be running.
RoslynAnalysisRunner has terminated.
Mono: successfully reloaded assembly
- Completed reload, in  1.724 seconds
Platform modules already initialized, skipping
Switching build target platform(5) subTarget(0) extendedPlatform(0) -> platform(13) subTarget(537395200) extendedPlatform(0)
Refreshing native plugins compatible for Editor in 0.49 ms, found 1 plugins.
Preloading 0 native plugins for Editor in 0.00 ms.
Unloading 1810 Unused Serialized files (Serialized files now loaded: 0)
System memory in use before: 171.6 MB.
System memory in use after: 171.7 MB.

Unloading 8 unused Assets to reduce memory usage. Loaded Objects now: 2297.
Total: 2.204700 ms (FindLiveObjects: 0.150200 ms CreateObjectMapping: 0.059200 ms MarkObjects: 1.976800 ms  DeleteObjects: 0.017400 ms)

AssetImportParameters requested are different than current active one (requested -> active):
  custom:graphics/normal-map-encoding: 01000000000000000000000000000000 -> 02000000000000000000000000000000
========================================================================
Received Prepare
Registering precompiled user dll's ...
Registered in 0.002264 seconds.
Begin MonoManager ReloadAssembly
Native extension for WindowsStandalone target not found
Refreshing native plugins compatible for Editor in 0.34 ms, found 1 plugins.
Preloading 0 native plugins for Editor in 0.00 ms.
Invoked RoslynAnalysisRunner static constructor.
RoslynAnalysisRunner will not be running.
RoslynAnalysisRunner has terminated.
Mono: successfully reloaded assembly
- Completed reload, in  0.928 seconds
Platform modules already initialized, skipping
Switching build target platform(5) subTarget(0) extendedPlatform(0) -> platform(13) subTarget(537395200) extendedPlatform(0)
Refreshing native plugins compatible for Editor in 0.37 ms, found 1 plugins.
Preloading 0 native plugins for Editor in 0.00 ms.
Unloading 1810 Unused Serialized files (Serialized files now loaded: 0)
System memory in use before: 171.6 MB.
System memory in use after: 171.7 MB.

Unloading 8 unused Assets to reduce memory usage. Loaded Objects now: 2299.
Total: 1.729600 ms (FindLiveObjects: 0.164900 ms CreateObjectMapping: 0.063200 ms MarkObjects: 1.484800 ms  DeleteObjects: 0.015700 ms)

AssetImportParameters requested are different than current active one (requested -> active):
  custom:graphics/normal-map-encoding: 01000000000000000000000000000000 -> 02000000000000000000000000000000
========================================================================
Received Import Request.
  Time since last request: 385.153865 seconds.
  path: Assets/Prefab/env002audience00front1hand 1.prefab
  artifactKey: Guid(2eb086893c8116a4e96e54f0210be5ee) Importer(815301076,1909f56bfc062723c751e8b465ee728b)
Start importing Assets/Prefab/env002audience00front1hand 1.prefab using Guid(2eb086893c8116a4e96e54f0210be5ee) Importer(815301076,1909f56bfc062723c751e8b465ee728b)  -> (artifact id: 'afceaf42a3fa6b237edcd63e2e1e9b8b') in 0.064292 seconds
  Import took 0.067584 seconds .

========================================================================
Received Prepare
Registering precompiled user dll's ...
Registered in 0.001168 seconds.
Begin MonoManager ReloadAssembly
Native extension for WindowsStandalone target not found
Refreshing native plugins compatible for Editor in 0.49 ms, found 1 plugins.
Preloading 0 native plugins for Editor in 0.00 ms.
Invoked RoslynAnalysisRunner static constructor.
RoslynAnalysisRunner will not be running.
RoslynAnalysisRunner has terminated.
Mono: successfully reloaded assembly
- Completed reload, in  1.399 seconds
Platform modules already initialized, skipping
Switching build target platform(5) subTarget(0) extendedPlatform(0) -> platform(13) subTarget(537395200) extendedPlatform(0)
Refreshing native plugins compatible for Editor in 0.36 ms, found 1 plugins.
Preloading 0 native plugins for Editor in 0.00 ms.
Unloading 1810 Unused Serialized files (Serialized files now loaded: 0)
System memory in use before: 171.6 MB.
System memory in use after: 171.7 MB.

Unloading 8 unused Assets to reduce memory usage. Loaded Objects now: 2306.
Total: 6.456700 ms (FindLiveObjects: 2.169300 ms CreateObjectMapping: 2.178200 ms MarkObjects: 2.089700 ms  DeleteObjects: 0.017900 ms)

AssetImportParameters requested are different than current active one (requested -> active):
  custom:graphics/normal-map-encoding: 01000000000000000000000000000000 -> 02000000000000000000000000000000
========================================================================
Received Prepare
Registering precompiled user dll's ...
Registered in 0.001125 seconds.
Begin MonoManager ReloadAssembly
Native extension for WindowsStandalone target not found
Refreshing native plugins compatible for Editor in 0.34 ms, found 1 plugins.
Preloading 0 native plugins for Editor in 0.00 ms.
Invoked RoslynAnalysisRunner static constructor.
RoslynAnalysisRunner will not be running.
RoslynAnalysisRunner has terminated.
Mono: successfully reloaded assembly
- Completed reload, in  1.386 seconds
Platform modules already initialized, skipping
Switching build target platform(5) subTarget(0) extendedPlatform(0) -> platform(13) subTarget(537395200) extendedPlatform(0)
Refreshing native plugins compatible for Editor in 0.61 ms, found 1 plugins.
Preloading 0 native plugins for Editor in 0.00 ms.
Unloading 1810 Unused Serialized files (Serialized files now loaded: 0)
System memory in use before: 171.6 MB.
System memory in use after: 171.8 MB.

Unloading 8 unused Assets to reduce memory usage. Loaded Objects now: 2308.
Total: 5.930900 ms (FindLiveObjects: 0.311400 ms CreateObjectMapping: 0.241500 ms MarkObjects: 5.358000 ms  DeleteObjects: 0.018200 ms)

AssetImportParameters requested are different than current active one (requested -> active):
  custom:graphics/normal-map-encoding: 01000000000000000000000000000000 -> 02000000000000000000000000000000
========================================================================
Received Prepare
Registering precompiled user dll's ...
Registered in 0.001020 seconds.
Begin MonoManager ReloadAssembly
Native extension for WindowsStandalone target not found
Refreshing native plugins compatible for Editor in 0.46 ms, found 1 plugins.
Preloading 0 native plugins for Editor in 0.00 ms.
Invoked RoslynAnalysisRunner static constructor.
RoslynAnalysisRunner will not be running.
RoslynAnalysisRunner has terminated.
Mono: successfully reloaded assembly
- Completed reload, in  1.348 seconds
Platform modules already initialized, skipping
Switching build target platform(5) subTarget(0) extendedPlatform(0) -> platform(13) subTarget(537395200) extendedPlatform(0)
Refreshing native plugins compatible for Editor in 0.77 ms, found 1 plugins.
Preloading 0 native plugins for Editor in 0.00 ms.
Unloading 1810 Unused Serialized files (Serialized files now loaded: 0)
System memory in use before: 171.7 MB.
System memory in use after: 171.8 MB.

Unloading 8 unused Assets to reduce memory usage. Loaded Objects now: 2310.
Total: 3.796100 ms (FindLiveObjects: 0.179300 ms CreateObjectMapping: 0.068900 ms MarkObjects: 3.530300 ms  DeleteObjects: 0.016300 ms)

AssetImportParameters requested are different than current active one (requested -> active):
  custom:graphics/normal-map-encoding: 01000000000000000000000000000000 -> 02000000000000000000000000000000
========================================================================
Received Prepare
Registering precompiled user dll's ...
Registered in 0.000877 seconds.
Begin MonoManager ReloadAssembly
Native extension for WindowsStandalone target not found
Refreshing native plugins compatible for Editor in 0.31 ms, found 1 plugins.
Preloading 0 native plugins for Editor in 0.00 ms.
Invoked RoslynAnalysisRunner static constructor.
RoslynAnalysisRunner will not be running.
RoslynAnalysisRunner has terminated.
Mono: successfully reloaded assembly
- Completed reload, in  0.981 seconds
Platform modules already initialized, skipping
Switching build target platform(5) subTarget(0) extendedPlatform(0) -> platform(13) subTarget(537395200) extendedPlatform(0)
Refreshing native plugins compatible for Editor in 0.30 ms, found 1 plugins.
Preloading 0 native plugins for Editor in 0.00 ms.
Unloading 1810 Unused Serialized files (Serialized files now loaded: 0)
System memory in use before: 171.7 MB.
System memory in use after: 171.8 MB.

Unloading 8 unused Assets to reduce memory usage. Loaded Objects now: 2312.
Total: 2.003200 ms (FindLiveObjects: 0.149100 ms CreateObjectMapping: 0.060500 ms MarkObjects: 1.773400 ms  DeleteObjects: 0.019000 ms)

AssetImportParameters requested are different than current active one (requested -> active):
  custom:graphics/normal-map-encoding: 01000000000000000000000000000000 -> 02000000000000000000000000000000
========================================================================
Received Prepare
Registering precompiled user dll's ...
Registered in 0.000891 seconds.
Begin MonoManager ReloadAssembly
Native extension for WindowsStandalone target not found
Refreshing native plugins compatible for Editor in 0.31 ms, found 1 plugins.
Preloading 0 native plugins for Editor in 0.00 ms.
Invoked RoslynAnalysisRunner static constructor.
RoslynAnalysisRunner will not be running.
RoslynAnalysisRunner has terminated.
Mono: successfully reloaded assembly
- Completed reload, in  1.824 seconds
Platform modules already initialized, skipping
Switching build target platform(5) subTarget(0) extendedPlatform(0) -> platform(13) subTarget(537395200) extendedPlatform(0)
Refreshing native plugins compatible for Editor in 0.70 ms, found 1 plugins.
Preloading 0 native plugins for Editor in 0.00 ms.
Unloading 1810 Unused Serialized files (Serialized files now loaded: 0)
System memory in use before: 171.7 MB.
System memory in use after: 171.8 MB.

Unloading 8 unused Assets to reduce memory usage. Loaded Objects now: 2314.
Total: 2.107400 ms (FindLiveObjects: 0.172800 ms CreateObjectMapping: 0.071800 ms MarkObjects: 1.845700 ms  DeleteObjects: 0.015500 ms)

AssetImportParameters requested are different than current active one (requested -> active):
  custom:graphics/normal-map-encoding: 01000000000000000000000000000000 -> 02000000000000000000000000000000
========================================================================
Received Prepare
Registering precompiled user dll's ...
Registered in 0.001077 seconds.
Begin MonoManager ReloadAssembly
Native extension for WindowsStandalone target not found
Refreshing native plugins compatible for Editor in 0.36 ms, found 1 plugins.
Preloading 0 native plugins for Editor in 0.00 ms.
Invoked RoslynAnalysisRunner static constructor.
RoslynAnalysisRunner will not be running.
RoslynAnalysisRunner has terminated.
Mono: successfully reloaded assembly
- Completed reload, in  1.383 seconds
Platform modules already initialized, skipping
Switching build target platform(5) subTarget(0) extendedPlatform(0) -> platform(13) subTarget(537395200) extendedPlatform(0)
Refreshing native plugins compatible for Editor in 0.33 ms, found 1 plugins.
Preloading 0 native plugins for Editor in 0.00 ms.
Unloading 1810 Unused Serialized files (Serialized files now loaded: 0)
System memory in use before: 171.7 MB.
System memory in use after: 171.8 MB.

Unloading 8 unused Assets to reduce memory usage. Loaded Objects now: 2316.
Total: 2.627700 ms (FindLiveObjects: 0.221800 ms CreateObjectMapping: 0.084200 ms MarkObjects: 2.300400 ms  DeleteObjects: 0.019800 ms)

AssetImportParameters requested are different than current active one (requested -> active):
  custom:graphics/normal-map-encoding: 01000000000000000000000000000000 -> 02000000000000000000000000000000
========================================================================
Received Prepare
Registering precompiled user dll's ...
Registered in 0.001028 seconds.
Begin MonoManager ReloadAssembly
Native extension for WindowsStandalone target not found
Refreshing native plugins compatible for Editor in 0.31 ms, found 1 plugins.
Preloading 0 native plugins for Editor in 0.00 ms.
Invoked RoslynAnalysisRunner static constructor.
RoslynAnalysisRunner will not be running.
RoslynAnalysisRunner has terminated.
Mono: successfully reloaded assembly
- Completed reload, in  1.388 seconds
Platform modules already initialized, skipping
Switching build target platform(5) subTarget(0) extendedPlatform(0) -> platform(13) subTarget(537395200) extendedPlatform(0)
Refreshing native plugins compatible for Editor in 2.99 ms, found 1 plugins.
Preloading 0 native plugins for Editor in 0.00 ms.
Unloading 1810 Unused Serialized files (Serialized files now loaded: 0)
System memory in use before: 171.7 MB.
System memory in use after: 171.8 MB.

Unloading 8 unused Assets to reduce memory usage. Loaded Objects now: 2318.
Total: 3.953000 ms (FindLiveObjects: 0.481500 ms CreateObjectMapping: 0.140400 ms MarkObjects: 3.313500 ms  DeleteObjects: 0.016200 ms)

AssetImportParameters requested are different than current active one (requested -> active):
  custom:graphics/normal-map-encoding: 01000000000000000000000000000000 -> 02000000000000000000000000000000
========================================================================
Received Prepare
Registering precompiled user dll's ...
Registered in 0.001378 seconds.
Begin MonoManager ReloadAssembly
Native extension for WindowsStandalone target not found
Refreshing native plugins compatible for Editor in 0.33 ms, found 1 plugins.
Preloading 0 native plugins for Editor in 0.00 ms.
Invoked RoslynAnalysisRunner static constructor.
RoslynAnalysisRunner will not be running.
RoslynAnalysisRunner has terminated.
Mono: successfully reloaded assembly
- Completed reload, in  1.391 seconds
Platform modules already initialized, skipping
Switching build target platform(5) subTarget(0) extendedPlatform(0) -> platform(13) subTarget(537395200) extendedPlatform(0)
Refreshing native plugins compatible for Editor in 0.36 ms, found 1 plugins.
Preloading 0 native plugins for Editor in 0.00 ms.
Unloading 1810 Unused Serialized files (Serialized files now loaded: 0)
System memory in use before: 171.7 MB.
System memory in use after: 171.8 MB.

Unloading 8 unused Assets to reduce memory usage. Loaded Objects now: 2320.
Total: 6.913200 ms (FindLiveObjects: 1.034400 ms CreateObjectMapping: 0.216000 ms MarkObjects: 5.644000 ms  DeleteObjects: 0.017300 ms)

AssetImportParameters requested are different than current active one (requested -> active):
  custom:graphics/normal-map-encoding: 01000000000000000000000000000000 -> 02000000000000000000000000000000
========================================================================
Received Prepare
Registering precompiled user dll's ...
Registered in 0.001080 seconds.
Begin MonoManager ReloadAssembly
Native extension for WindowsStandalone target not found
Refreshing native plugins compatible for Editor in 0.32 ms, found 1 plugins.
Preloading 0 native plugins for Editor in 0.00 ms.
Invoked RoslynAnalysisRunner static constructor.
RoslynAnalysisRunner will not be running.
RoslynAnalysisRunner has terminated.
Mono: successfully reloaded assembly
- Completed reload, in  1.412 seconds
Platform modules already initialized, skipping
Switching build target platform(5) subTarget(0) extendedPlatform(0) -> platform(13) subTarget(537395200) extendedPlatform(0)
Refreshing native plugins compatible for Editor in 0.30 ms, found 1 plugins.
Preloading 0 native plugins for Editor in 0.00 ms.
Unloading 1810 Unused Serialized files (Serialized files now loaded: 0)
System memory in use before: 171.7 MB.
System memory in use after: 171.8 MB.

Unloading 8 unused Assets to reduce memory usage. Loaded Objects now: 2322.
Total: 2.485500 ms (FindLiveObjects: 0.181500 ms CreateObjectMapping: 0.067800 ms MarkObjects: 2.216500 ms  DeleteObjects: 0.018300 ms)

AssetImportParameters requested are different than current active one (requested -> active):
  custom:graphics/normal-map-encoding: 01000000000000000000000000000000 -> 02000000000000000000000000000000
========================================================================
Received Prepare
Registering precompiled user dll's ...
Registered in 0.001246 seconds.
Begin MonoManager ReloadAssembly
Native extension for WindowsStandalone target not found
Refreshing native plugins compatible for Editor in 0.30 ms, found 1 plugins.
Preloading 0 native plugins for Editor in 0.00 ms.
Invoked RoslynAnalysisRunner static constructor.
RoslynAnalysisRunner will not be running.
RoslynAnalysisRunner has terminated.
Mono: successfully reloaded assembly
- Completed reload, in  1.108 seconds
Platform modules already initialized, skipping
Switching build target platform(5) subTarget(0) extendedPlatform(0) -> platform(13) subTarget(537395200) extendedPlatform(0)
Refreshing native plugins compatible for Editor in 0.30 ms, found 1 plugins.
Preloading 0 native plugins for Editor in 0.00 ms.
Unloading 1810 Unused Serialized files (Serialized files now loaded: 0)
System memory in use before: 171.7 MB.
System memory in use after: 171.8 MB.

Unloading 8 unused Assets to reduce memory usage. Loaded Objects now: 2324.
Total: 2.340900 ms (FindLiveObjects: 0.233400 ms CreateObjectMapping: 0.076300 ms MarkObjects: 2.011900 ms  DeleteObjects: 0.017500 ms)

AssetImportParameters requested are different than current active one (requested -> active):
  custom:graphics/normal-map-encoding: 01000000000000000000000000000000 -> 02000000000000000000000000000000
========================================================================
Received Prepare
Registering precompiled user dll's ...
Registered in 0.001283 seconds.
Begin MonoManager ReloadAssembly
Native extension for WindowsStandalone target not found
Refreshing native plugins compatible for Editor in 0.31 ms, found 1 plugins.
Preloading 0 native plugins for Editor in 0.00 ms.
Invoked RoslynAnalysisRunner static constructor.
RoslynAnalysisRunner will not be running.
RoslynAnalysisRunner has terminated.
Mono: successfully reloaded assembly
- Completed reload, in  1.073 seconds
Platform modules already initialized, skipping
Switching build target platform(5) subTarget(0) extendedPlatform(0) -> platform(13) subTarget(537395200) extendedPlatform(0)
Refreshing native plugins compatible for Editor in 0.65 ms, found 1 plugins.
Preloading 0 native plugins for Editor in 0.00 ms.
Unloading 1810 Unused Serialized files (Serialized files now loaded: 0)
System memory in use before: 171.7 MB.
System memory in use after: 171.8 MB.

Unloading 8 unused Assets to reduce memory usage. Loaded Objects now: 2326.
Total: 1.948500 ms (FindLiveObjects: 0.185900 ms CreateObjectMapping: 0.072700 ms MarkObjects: 1.671200 ms  DeleteObjects: 0.017100 ms)

AssetImportParameters requested are different than current active one (requested -> active):
  custom:graphics/normal-map-encoding: 01000000000000000000000000000000 -> 02000000000000000000000000000000
========================================================================
Received Prepare
Registering precompiled user dll's ...
Registered in 0.000968 seconds.
Begin MonoManager ReloadAssembly
Native extension for WindowsStandalone target not found
Refreshing native plugins compatible for Editor in 0.52 ms, found 1 plugins.
Preloading 0 native plugins for Editor in 0.00 ms.
Invoked RoslynAnalysisRunner static constructor.
RoslynAnalysisRunner will not be running.
RoslynAnalysisRunner has terminated.
Mono: successfully reloaded assembly
- Completed reload, in  1.794 seconds
Platform modules already initialized, skipping
Switching build target platform(5) subTarget(0) extendedPlatform(0) -> platform(13) subTarget(537395200) extendedPlatform(0)
Refreshing native plugins compatible for Editor in 0.38 ms, found 1 plugins.
Preloading 0 native plugins for Editor in 0.00 ms.
Unloading 1810 Unused Serialized files (Serialized files now loaded: 0)
System memory in use before: 171.7 MB.
System memory in use after: 171.8 MB.

Unloading 8 unused Assets to reduce memory usage. Loaded Objects now: 2328.
Total: 2.316000 ms (FindLiveObjects: 0.155300 ms CreateObjectMapping: 0.062800 ms MarkObjects: 2.079200 ms  DeleteObjects: 0.017300 ms)

AssetImportParameters requested are different than current active one (requested -> active):
  custom:graphics/normal-map-encoding: 01000000000000000000000000000000 -> 02000000000000000000000000000000
========================================================================
Received Prepare
Registering precompiled user dll's ...
Registered in 0.001029 seconds.
Begin MonoManager ReloadAssembly
Native extension for WindowsStandalone target not found
Refreshing native plugins compatible for Editor in 0.32 ms, found 1 plugins.
Preloading 0 native plugins for Editor in 0.00 ms.
Invoked RoslynAnalysisRunner static constructor.
RoslynAnalysisRunner will not be running.
RoslynAnalysisRunner has terminated.
Mono: successfully reloaded assembly
- Completed reload, in  0.961 seconds
Platform modules already initialized, skipping
Switching build target platform(5) subTarget(0) extendedPlatform(0) -> platform(13) subTarget(537395200) extendedPlatform(0)
Refreshing native plugins compatible for Editor in 0.29 ms, found 1 plugins.
Preloading 0 native plugins for Editor in 0.00 ms.
Unloading 1810 Unused Serialized files (Serialized files now loaded: 0)
System memory in use before: 171.7 MB.
System memory in use after: 171.8 MB.

Unloading 8 unused Assets to reduce memory usage. Loaded Objects now: 2330.
Total: 1.643500 ms (FindLiveObjects: 0.179700 ms CreateObjectMapping: 0.055700 ms MarkObjects: 1.378900 ms  DeleteObjects: 0.028400 ms)

AssetImportParameters requested are different than current active one (requested -> active):
  custom:graphics/normal-map-encoding: 01000000000000000000000000000000 -> 02000000000000000000000000000000
========================================================================
Received Prepare
Registering precompiled user dll's ...
Registered in 0.001035 seconds.
Begin MonoManager ReloadAssembly
Native extension for WindowsStandalone target not found
Refreshing native plugins compatible for Editor in 0.31 ms, found 1 plugins.
Preloading 0 native plugins for Editor in 0.00 ms.
Invoked RoslynAnalysisRunner static constructor.
RoslynAnalysisRunner will not be running.
RoslynAnalysisRunner has terminated.
Mono: successfully reloaded assembly
- Completed reload, in  1.452 seconds
Platform modules already initialized, skipping
Switching build target platform(5) subTarget(0) extendedPlatform(0) -> platform(13) subTarget(537395200) extendedPlatform(0)
Refreshing native plugins compatible for Editor in 0.30 ms, found 1 plugins.
Preloading 0 native plugins for Editor in 0.00 ms.
Unloading 1810 Unused Serialized files (Serialized files now loaded: 0)
System memory in use before: 171.7 MB.
System memory in use after: 171.9 MB.

Unloading 8 unused Assets to reduce memory usage. Loaded Objects now: 2332.
Total: 2.935200 ms (FindLiveObjects: 0.206400 ms CreateObjectMapping: 0.076900 ms MarkObjects: 2.633100 ms  DeleteObjects: 0.016800 ms)

AssetImportParameters requested are different than current active one (requested -> active):
  custom:graphics/normal-map-encoding: 01000000000000000000000000000000 -> 02000000000000000000000000000000
========================================================================
Received Prepare
Registering precompiled user dll's ...
Registered in 0.002024 seconds.
Begin MonoManager ReloadAssembly
Native extension for WindowsStandalone target not found
Refreshing native plugins compatible for Editor in 0.32 ms, found 1 plugins.
Preloading 0 native plugins for Editor in 0.00 ms.
Invoked RoslynAnalysisRunner static constructor.
RoslynAnalysisRunner will not be running.
RoslynAnalysisRunner has terminated.
Mono: successfully reloaded assembly
- Completed reload, in  1.390 seconds
Platform modules already initialized, skipping
Switching build target platform(5) subTarget(0) extendedPlatform(0) -> platform(13) subTarget(537395200) extendedPlatform(0)
Refreshing native plugins compatible for Editor in 0.49 ms, found 1 plugins.
Preloading 0 native plugins for Editor in 0.00 ms.
Unloading 1810 Unused Serialized files (Serialized files now loaded: 0)
System memory in use before: 171.8 MB.
System memory in use after: 171.9 MB.

Unloading 8 unused Assets to reduce memory usage. Loaded Objects now: 2334.
Total: 2.051500 ms (FindLiveObjects: 0.205800 ms CreateObjectMapping: 0.066200 ms MarkObjects: 1.761200 ms  DeleteObjects: 0.016900 ms)

AssetImportParameters requested are different than current active one (requested -> active):
  custom:graphics/normal-map-encoding: 01000000000000000000000000000000 -> 02000000000000000000000000000000
========================================================================
Received Prepare
Registering precompiled user dll's ...
Registered in 0.001477 seconds.
Begin MonoManager ReloadAssembly
Native extension for WindowsStandalone target not found
Refreshing native plugins compatible for Editor in 0.39 ms, found 1 plugins.
Preloading 0 native plugins for Editor in 0.00 ms.
Invoked RoslynAnalysisRunner static constructor.
RoslynAnalysisRunner will not be running.
RoslynAnalysisRunner has terminated.
Mono: successfully reloaded assembly
- Completed reload, in  1.361 seconds
Platform modules already initialized, skipping
Switching build target platform(5) subTarget(0) extendedPlatform(0) -> platform(13) subTarget(537395200) extendedPlatform(0)
Refreshing native plugins compatible for Editor in 0.38 ms, found 1 plugins.
Preloading 0 native plugins for Editor in 0.00 ms.
Unloading 1810 Unused Serialized files (Serialized files now loaded: 0)
System memory in use before: 171.8 MB.
System memory in use after: 171.9 MB.

Unloading 8 unused Assets to reduce memory usage. Loaded Objects now: 2336.
Total: 12.084100 ms (FindLiveObjects: 0.327700 ms CreateObjectMapping: 4.540400 ms MarkObjects: 7.194700 ms  DeleteObjects: 0.018700 ms)

AssetImportParameters requested are different than current active one (requested -> active):
  custom:graphics/normal-map-encoding: 01000000000000000000000000000000 -> 02000000000000000000000000000000
========================================================================
Received Prepare
Registering precompiled user dll's ...
Registered in 0.001130 seconds.
Begin MonoManager ReloadAssembly
Native extension for WindowsStandalone target not found
Refreshing native plugins compatible for Editor in 1.06 ms, found 1 plugins.
Preloading 0 native plugins for Editor in 0.00 ms.
Invoked RoslynAnalysisRunner static constructor.
RoslynAnalysisRunner will not be running.
RoslynAnalysisRunner has terminated.
Mono: successfully reloaded assembly
- Completed reload, in  1.474 seconds
Platform modules already initialized, skipping
Switching build target platform(5) subTarget(0) extendedPlatform(0) -> platform(13) subTarget(537395200) extendedPlatform(0)
Refreshing native plugins compatible for Editor in 0.31 ms, found 1 plugins.
Preloading 0 native plugins for Editor in 0.00 ms.
Unloading 1810 Unused Serialized files (Serialized files now loaded: 0)
System memory in use before: 171.8 MB.
System memory in use after: 171.9 MB.

Unloading 8 unused Assets to reduce memory usage. Loaded Objects now: 2338.
Total: 3.099300 ms (FindLiveObjects: 0.258300 ms CreateObjectMapping: 0.097200 ms MarkObjects: 2.726700 ms  DeleteObjects: 0.015700 ms)

AssetImportParameters requested are different than current active one (requested -> active):
  custom:graphics/normal-map-encoding: 01000000000000000000000000000000 -> 02000000000000000000000000000000
========================================================================
Received Prepare
Registering precompiled user dll's ...
Registered in 0.000982 seconds.
Begin MonoManager ReloadAssembly
Native extension for WindowsStandalone target not found
Refreshing native plugins compatible for Editor in 0.39 ms, found 1 plugins.
Preloading 0 native plugins for Editor in 0.00 ms.
Invoked RoslynAnalysisRunner static constructor.
RoslynAnalysisRunner will not be running.
RoslynAnalysisRunner has terminated.
Mono: successfully reloaded assembly
- Completed reload, in  1.406 seconds
Platform modules already initialized, skipping
Switching build target platform(5) subTarget(0) extendedPlatform(0) -> platform(13) subTarget(537395200) extendedPlatform(0)
Refreshing native plugins compatible for Editor in 0.35 ms, found 1 plugins.
Preloading 0 native plugins for Editor in 0.00 ms.
Unloading 1810 Unused Serialized files (Serialized files now loaded: 0)
System memory in use before: 171.8 MB.
System memory in use after: 171.9 MB.

Unloading 8 unused Assets to reduce memory usage. Loaded Objects now: 2340.
Total: 1.994800 ms (FindLiveObjects: 0.191500 ms CreateObjectMapping: 0.071700 ms MarkObjects: 1.712600 ms  DeleteObjects: 0.017700 ms)

AssetImportParameters requested are different than current active one (requested -> active):
  custom:graphics/normal-map-encoding: 01000000000000000000000000000000 -> 02000000000000000000000000000000
========================================================================
Received Prepare
Registering precompiled user dll's ...
Registered in 0.001011 seconds.
Begin MonoManager ReloadAssembly
Native extension for WindowsStandalone target not found
Refreshing native plugins compatible for Editor in 0.53 ms, found 1 plugins.
Preloading 0 native plugins for Editor in 0.00 ms.
Invoked RoslynAnalysisRunner static constructor.
RoslynAnalysisRunner will not be running.
RoslynAnalysisRunner has terminated.
Mono: successfully reloaded assembly
- Completed reload, in  1.593 seconds
Platform modules already initialized, skipping
Switching build target platform(5) subTarget(0) extendedPlatform(0) -> platform(13) subTarget(537395200) extendedPlatform(0)
Refreshing native plugins compatible for Editor in 1.19 ms, found 1 plugins.
Preloading 0 native plugins for Editor in 0.00 ms.
Unloading 1810 Unused Serialized files (Serialized files now loaded: 0)
System memory in use before: 171.8 MB.
System memory in use after: 171.9 MB.

Unloading 8 unused Assets to reduce memory usage. Loaded Objects now: 2342.
Total: 2.040800 ms (FindLiveObjects: 0.307000 ms CreateObjectMapping: 0.076900 ms MarkObjects: 1.640000 ms  DeleteObjects: 0.015700 ms)

AssetImportParameters requested are different than current active one (requested -> active):
  custom:graphics/normal-map-encoding: 01000000000000000000000000000000 -> 02000000000000000000000000000000
========================================================================
Received Prepare
Registering precompiled user dll's ...
Registered in 0.001068 seconds.
Begin MonoManager ReloadAssembly
Native extension for WindowsStandalone target not found
Refreshing native plugins compatible for Editor in 0.92 ms, found 1 plugins.
Preloading 0 native plugins for Editor in 0.00 ms.
Invoked RoslynAnalysisRunner static constructor.
RoslynAnalysisRunner will not be running.
RoslynAnalysisRunner has terminated.
Mono: successfully reloaded assembly
- Completed reload, in  1.411 seconds
Platform modules already initialized, skipping
Switching build target platform(5) subTarget(0) extendedPlatform(0) -> platform(13) subTarget(537395200) extendedPlatform(0)
Refreshing native plugins compatible for Editor in 0.30 ms, found 1 plugins.
Preloading 0 native plugins for Editor in 0.00 ms.
Unloading 1810 Unused Serialized files (Serialized files now loaded: 0)
System memory in use before: 171.8 MB.
System memory in use after: 171.9 MB.

Unloading 8 unused Assets to reduce memory usage. Loaded Objects now: 2344.
Total: 2.103700 ms (FindLiveObjects: 0.193900 ms CreateObjectMapping: 0.110100 ms MarkObjects: 1.776400 ms  DeleteObjects: 0.017500 ms)

AssetImportParameters requested are different than current active one (requested -> active):
  custom:graphics/normal-map-encoding: 01000000000000000000000000000000 -> 02000000000000000000000000000000
========================================================================
Received Prepare
Registering precompiled user dll's ...
Registered in 0.000924 seconds.
Begin MonoManager ReloadAssembly
Native extension for WindowsStandalone target not found
Refreshing native plugins compatible for Editor in 0.35 ms, found 1 plugins.
Preloading 0 native plugins for Editor in 0.00 ms.
Invoked RoslynAnalysisRunner static constructor.
RoslynAnalysisRunner will not be running.
RoslynAnalysisRunner has terminated.
Mono: successfully reloaded assembly
- Completed reload, in  1.958 seconds
Platform modules already initialized, skipping
Switching build target platform(5) subTarget(0) extendedPlatform(0) -> platform(13) subTarget(537395200) extendedPlatform(0)
Refreshing native plugins compatible for Editor in 0.41 ms, found 1 plugins.
Preloading 0 native plugins for Editor in 0.00 ms.
Unloading 1810 Unused Serialized files (Serialized files now loaded: 0)
System memory in use before: 171.8 MB.
System memory in use after: 171.9 MB.

Unloading 8 unused Assets to reduce memory usage. Loaded Objects now: 2346.
Total: 1.715800 ms (FindLiveObjects: 0.159700 ms CreateObjectMapping: 0.058700 ms MarkObjects: 1.480400 ms  DeleteObjects: 0.015700 ms)

AssetImportParameters requested are different than current active one (requested -> active):
  custom:graphics/normal-map-encoding: 01000000000000000000000000000000 -> 02000000000000000000000000000000
========================================================================
Received Prepare
Registering precompiled user dll's ...
Registered in 0.001476 seconds.
Begin MonoManager ReloadAssembly
Native extension for WindowsStandalone target not found
Refreshing native plugins compatible for Editor in 0.48 ms, found 1 plugins.
Preloading 0 native plugins for Editor in 0.00 ms.
Invoked RoslynAnalysisRunner static constructor.
RoslynAnalysisRunner will not be running.
RoslynAnalysisRunner has terminated.
Mono: successfully reloaded assembly
- Completed reload, in  2.002 seconds
Platform modules already initialized, skipping
Switching build target platform(5) subTarget(0) extendedPlatform(0) -> platform(13) subTarget(537395200) extendedPlatform(0)
Refreshing native plugins compatible for Editor in 0.32 ms, found 1 plugins.
Preloading 0 native plugins for Editor in 0.00 ms.
Unloading 1810 Unused Serialized files (Serialized files now loaded: 0)
System memory in use before: 171.8 MB.
System memory in use after: 171.9 MB.

Unloading 8 unused Assets to reduce memory usage. Loaded Objects now: 2348.
Total: 1.921500 ms (FindLiveObjects: 0.243400 ms CreateObjectMapping: 0.072400 ms MarkObjects: 1.586400 ms  DeleteObjects: 0.017800 ms)

AssetImportParameters requested are different than current active one (requested -> active):
  custom:graphics/normal-map-encoding: 01000000000000000000000000000000 -> 02000000000000000000000000000000
========================================================================
Received Prepare
Registering precompiled user dll's ...
Registered in 0.001120 seconds.
Begin MonoManager ReloadAssembly
Native extension for WindowsStandalone target not found
Refreshing native plugins compatible for Editor in 0.34 ms, found 1 plugins.
Preloading 0 native plugins for Editor in 0.00 ms.
Invoked RoslynAnalysisRunner static constructor.
RoslynAnalysisRunner will not be running.
RoslynAnalysisRunner has terminated.
Mono: successfully reloaded assembly
- Completed reload, in  1.420 seconds
Platform modules already initialized, skipping
Switching build target platform(5) subTarget(0) extendedPlatform(0) -> platform(13) subTarget(537395200) extendedPlatform(0)
Refreshing native plugins compatible for Editor in 0.49 ms, found 1 plugins.
Preloading 0 native plugins for Editor in 0.00 ms.
Unloading 1810 Unused Serialized files (Serialized files now loaded: 0)
System memory in use before: 171.8 MB.
System memory in use after: 171.9 MB.

Unloading 8 unused Assets to reduce memory usage. Loaded Objects now: 2350.
Total: 3.173900 ms (FindLiveObjects: 0.237000 ms CreateObjectMapping: 0.080800 ms MarkObjects: 2.839000 ms  DeleteObjects: 0.016300 ms)

AssetImportParameters requested are different than current active one (requested -> active):
  custom:graphics/normal-map-encoding: 01000000000000000000000000000000 -> 02000000000000000000000000000000
========================================================================
Received Prepare
Registering precompiled user dll's ...
Registered in 0.001071 seconds.
Begin MonoManager ReloadAssembly
Native extension for WindowsStandalone target not found
Refreshing native plugins compatible for Editor in 0.32 ms, found 1 plugins.
Preloading 0 native plugins for Editor in 0.00 ms.
Invoked RoslynAnalysisRunner static constructor.
RoslynAnalysisRunner will not be running.
RoslynAnalysisRunner has terminated.
Mono: successfully reloaded assembly
- Completed reload, in  1.053 seconds
Platform modules already initialized, skipping
Switching build target platform(5) subTarget(0) extendedPlatform(0) -> platform(13) subTarget(537395200) extendedPlatform(0)
Refreshing native plugins compatible for Editor in 0.30 ms, found 1 plugins.
Preloading 0 native plugins for Editor in 0.00 ms.
Unloading 1810 Unused Serialized files (Serialized files now loaded: 0)
System memory in use before: 171.8 MB.
System memory in use after: 171.9 MB.

Unloading 8 unused Assets to reduce memory usage. Loaded Objects now: 2352.
Total: 1.891500 ms (FindLiveObjects: 0.164900 ms CreateObjectMapping: 0.062600 ms MarkObjects: 1.647200 ms  DeleteObjects: 0.015700 ms)

AssetImportParameters requested are different than current active one (requested -> active):
  custom:graphics/normal-map-encoding: 01000000000000000000000000000000 -> 02000000000000000000000000000000
========================================================================
Received Import Request.
  Time since last request: 1803.808196 seconds.
  path: Assets/Rough Assets/obj002tomato0.png
  artifactKey: Guid(af309d1f0cddc0e4ca968c3d8eaeab39) Importer(815301076,1909f56bfc062723c751e8b465ee728b)
Start importing Assets/Rough Assets/obj002tomato0.png using Guid(af309d1f0cddc0e4ca968c3d8eaeab39) Importer(815301076,1909f56bfc062723c751e8b465ee728b)  -> (artifact id: '89128e18a485d43a373d38880d261a94') in 0.070770 seconds
  Import took 0.073662 seconds .

========================================================================
Received Import Request.
  Time since last request: 87.341105 seconds.
  path: Assets/Rough Assets/obj002tomato0.png
  artifactKey: Guid(af309d1f0cddc0e4ca968c3d8eaeab39) Importer(815301076,1909f56bfc062723c751e8b465ee728b)
Start importing Assets/Rough Assets/obj002tomato0.png using Guid(af309d1f0cddc0e4ca968c3d8eaeab39) Importer(815301076,1909f56bfc062723c751e8b465ee728b)  -> (artifact id: 'f284795712fcab3f64147d1c9e6b623a') in 0.201357 seconds
  Import took 0.208620 seconds .

========================================================================
Received Import Request.
  Time since last request: 124.725030 seconds.
  path: Assets/Rough Assets/obj002tomato0.png
  artifactKey: Guid(af309d1f0cddc0e4ca968c3d8eaeab39) Importer(815301076,1909f56bfc062723c751e8b465ee728b)
Start importing Assets/Rough Assets/obj002tomato0.png using Guid(af309d1f0cddc0e4ca968c3d8eaeab39) Importer(815301076,1909f56bfc062723c751e8b465ee728b)  -> (artifact id: '5edb9e3944dbe0054f09696c6f35c3d0') in 0.363274 seconds
  Import took 0.399741 seconds .

========================================================================
Received Import Request.
  Time since last request: 55.657047 seconds.
  path: Assets/Rough Assets/obj002tomato0.png
  artifactKey: Guid(af309d1f0cddc0e4ca968c3d8eaeab39) Importer(815301076,1909f56bfc062723c751e8b465ee728b)
Start importing Assets/Rough Assets/obj002tomato0.png using Guid(af309d1f0cddc0e4ca968c3d8eaeab39) Importer(815301076,1909f56bfc062723c751e8b465ee728b)  -> (artifact id: '3f335bfdf1fbf54f4f8b029c7c58ec7a') in 0.022815 seconds
  Import took 0.049380 seconds .

========================================================================
Received Import Request.
  Time since last request: 21.115327 seconds.
  path: Assets/Rough Assets/obj002tomato0.png
  artifactKey: Guid(af309d1f0cddc0e4ca968c3d8eaeab39) Importer(815301076,1909f56bfc062723c751e8b465ee728b)
Start importing Assets/Rough Assets/obj002tomato0.png using Guid(af309d1f0cddc0e4ca968c3d8eaeab39) Importer(815301076,1909f56bfc062723c751e8b465ee728b)  -> (artifact id: 'edf51a18f867aede64e6d9ffd485306f') in 0.022952 seconds
  Import took 0.049201 seconds .

========================================================================
Received Import Request.
  Time since last request: 27.291528 seconds.
  path: Assets/Rough Assets/obj002tomato0.png
  artifactKey: Guid(af309d1f0cddc0e4ca968c3d8eaeab39) Importer(815301076,1909f56bfc062723c751e8b465ee728b)
Start importing Assets/Rough Assets/obj002tomato0.png using Guid(af309d1f0cddc0e4ca968c3d8eaeab39) Importer(815301076,1909f56bfc062723c751e8b465ee728b)  -> (artifact id: '8516b7f9f3e8cd8736bd42374fcb1f8b') in 0.008543 seconds
  Import took 0.012996 seconds .

========================================================================
Received Import Request.
  Time since last request: 7.663073 seconds.
  path: Assets/Rough Assets/obj002tomato0.png
  artifactKey: Guid(af309d1f0cddc0e4ca968c3d8eaeab39) Importer(815301076,1909f56bfc062723c751e8b465ee728b)
Start importing Assets/Rough Assets/obj002tomato0.png using Guid(af309d1f0cddc0e4ca968c3d8eaeab39) Importer(815301076,1909f56bfc062723c751e8b465ee728b)  -> (artifact id: '495945f9b2798b155308119096d66213') in 0.010828 seconds
  Import took 0.014418 seconds .

========================================================================
Received Import Request.
  Time since last request: 29.072643 seconds.
  path: Assets/Rough Assets/obj002tomato0.png
  artifactKey: Guid(af309d1f0cddc0e4ca968c3d8eaeab39) Importer(815301076,1909f56bfc062723c751e8b465ee728b)
Start importing Assets/Rough Assets/obj002tomato0.png using Guid(af309d1f0cddc0e4ca968c3d8eaeab39) Importer(815301076,1909f56bfc062723c751e8b465ee728b)  -> (artifact id: '6d30e5c93b0abc56af6be1c59d5a9d3e') in 0.079542 seconds
  Import took 0.242492 seconds .

========================================================================
Received Import Request.
  Time since last request: 7.796667 seconds.
  path: Assets/Rough Assets/obj002tomato0.png
  artifactKey: Guid(af309d1f0cddc0e4ca968c3d8eaeab39) Importer(815301076,1909f56bfc062723c751e8b465ee728b)
Start importing Assets/Rough Assets/obj002tomato0.png using Guid(af309d1f0cddc0e4ca968c3d8eaeab39) Importer(815301076,1909f56bfc062723c751e8b465ee728b)  -> (artifact id: 'd88bd288bed8f0503ac8f6a7a4f6b8b8') in 0.254993 seconds
  Import took 0.293552 seconds .

========================================================================
Received Import Request.
  Time since last request: 4.987106 seconds.
  path: Assets/Rough Assets/obj002tomato0.png
  artifactKey: Guid(af309d1f0cddc0e4ca968c3d8eaeab39) Importer(815301076,1909f56bfc062723c751e8b465ee728b)
Start importing Assets/Rough Assets/obj002tomato0.png using Guid(af309d1f0cddc0e4ca968c3d8eaeab39) Importer(815301076,1909f56bfc062723c751e8b465ee728b)  -> (artifact id: 'c9b656ed71267c6c9da4d46b0ed05986') in 0.160028 seconds
  Import took 0.167833 seconds .

========================================================================
Received Import Request.
  Time since last request: 5.314861 seconds.
  path: Assets/Rough Assets/obj002tomato0.png
  artifactKey: Guid(af309d1f0cddc0e4ca968c3d8eaeab39) Importer(815301076,1909f56bfc062723c751e8b465ee728b)
Start importing Assets/Rough Assets/obj002tomato0.png using Guid(af309d1f0cddc0e4ca968c3d8eaeab39) Importer(815301076,1909f56bfc062723c751e8b465ee728b)  -> (artifact id: '597ac4b080d11f7fadfcdbb60b1df798') in 0.258482 seconds
  Import took 0.265590 seconds .

========================================================================
Received Import Request.
  Time since last request: 30.875866 seconds.
  path: Assets/Prefab/env002audience00front1hand 1 1.prefab
  artifactKey: Guid(11389e783189a58478af439543228dfe) Importer(815301076,1909f56bfc062723c751e8b465ee728b)
Start importing Assets/Prefab/env002audience00front1hand 1 1.prefab using Guid(11389e783189a58478af439543228dfe) Importer(815301076,1909f56bfc062723c751e8b465ee728b)  -> (artifact id: 'bf4db3c7848eb147d320b6e044526c19') in 0.058752 seconds
  Import took 0.062497 seconds .

========================================================================
Received Prepare
Registering precompiled user dll's ...
Registered in 0.000923 seconds.
Begin MonoManager ReloadAssembly
Native extension for WindowsStandalone target not found
Refreshing native plugins compatible for Editor in 0.34 ms, found 1 plugins.
Preloading 0 native plugins for Editor in 0.00 ms.
Invoked RoslynAnalysisRunner static constructor.
RoslynAnalysisRunner will not be running.
RoslynAnalysisRunner has terminated.
Mono: successfully reloaded assembly
- Completed reload, in  1.443 seconds
Platform modules already initialized, skipping
Switching build target platform(5) subTarget(0) extendedPlatform(0) -> platform(13) subTarget(537395200) extendedPlatform(0)
Refreshing native plugins compatible for Editor in 0.46 ms, found 1 plugins.
Preloading 0 native plugins for Editor in 0.00 ms.
Unloading 1810 Unused Serialized files (Serialized files now loaded: 0)
System memory in use before: 171.8 MB.
System memory in use after: 171.9 MB.

Unloading 8 unused Assets to reduce memory usage. Loaded Objects now: 2361.
Total: 2.913400 ms (FindLiveObjects: 0.326700 ms CreateObjectMapping: 0.080800 ms MarkObjects: 2.488000 ms  DeleteObjects: 0.016400 ms)

AssetImportParameters requested are different than current active one (requested -> active):
  custom:graphics/normal-map-encoding: 01000000000000000000000000000000 -> 02000000000000000000000000000000
========================================================================
Received Prepare
Registering precompiled user dll's ...
Registered in 0.001003 seconds.
Begin MonoManager ReloadAssembly
Native extension for WindowsStandalone target not found
Refreshing native plugins compatible for Editor in 0.30 ms, found 1 plugins.
Preloading 0 native plugins for Editor in 0.00 ms.
Invoked RoslynAnalysisRunner static constructor.
RoslynAnalysisRunner will not be running.
RoslynAnalysisRunner has terminated.
Mono: successfully reloaded assembly
- Completed reload, in  2.050 seconds
Platform modules already initialized, skipping
Switching build target platform(5) subTarget(0) extendedPlatform(0) -> platform(13) subTarget(537395200) extendedPlatform(0)
Refreshing native plugins compatible for Editor in 0.44 ms, found 1 plugins.
Preloading 0 native plugins for Editor in 0.00 ms.
Unloading 1810 Unused Serialized files (Serialized files now loaded: 0)
System memory in use before: 171.8 MB.
System memory in use after: 171.9 MB.

Unloading 8 unused Assets to reduce memory usage. Loaded Objects now: 2363.
Total: 2.711600 ms (FindLiveObjects: 0.230100 ms CreateObjectMapping: 0.118500 ms MarkObjects: 2.340200 ms  DeleteObjects: 0.020800 ms)

AssetImportParameters requested are different than current active one (requested -> active):
  custom:graphics/normal-map-encoding: 01000000000000000000000000000000 -> 02000000000000000000000000000000
========================================================================
Received Prepare
Registering precompiled user dll's ...
Registered in 0.001905 seconds.
Begin MonoManager ReloadAssembly
Native extension for WindowsStandalone target not found
Refreshing native plugins compatible for Editor in 0.37 ms, found 1 plugins.
Preloading 0 native plugins for Editor in 0.00 ms.
Invoked RoslynAnalysisRunner static constructor.
RoslynAnalysisRunner will not be running.
RoslynAnalysisRunner has terminated.
Mono: successfully reloaded assembly
- Completed reload, in  1.440 seconds
Platform modules already initialized, skipping
Switching build target platform(5) subTarget(0) extendedPlatform(0) -> platform(13) subTarget(537395200) extendedPlatform(0)
Refreshing native plugins compatible for Editor in 0.32 ms, found 1 plugins.
Preloading 0 native plugins for Editor in 0.00 ms.
Unloading 1810 Unused Serialized files (Serialized files now loaded: 0)
System memory in use before: 171.8 MB.
System memory in use after: 172.0 MB.

Unloading 8 unused Assets to reduce memory usage. Loaded Objects now: 2365.
Total: 2.174900 ms (FindLiveObjects: 0.174300 ms CreateObjectMapping: 0.074800 ms MarkObjects: 1.905400 ms  DeleteObjects: 0.018300 ms)

AssetImportParameters requested are different than current active one (requested -> active):
  custom:graphics/normal-map-encoding: 01000000000000000000000000000000 -> 02000000000000000000000000000000
========================================================================
Received Prepare
Registering precompiled user dll's ...
Registered in 0.000880 seconds.
Begin MonoManager ReloadAssembly
Native extension for WindowsStandalone target not found
Refreshing native plugins compatible for Editor in 0.33 ms, found 1 plugins.
Preloading 0 native plugins for Editor in 0.00 ms.
Invoked RoslynAnalysisRunner static constructor.
RoslynAnalysisRunner will not be running.
RoslynAnalysisRunner has terminated.
Mono: successfully reloaded assembly
- Completed reload, in  1.020 seconds
Platform modules already initialized, skipping
Switching build target platform(5) subTarget(0) extendedPlatform(0) -> platform(13) subTarget(537395200) extendedPlatform(0)
Refreshing native plugins compatible for Editor in 0.36 ms, found 1 plugins.
Preloading 0 native plugins for Editor in 0.00 ms.
Unloading 1810 Unused Serialized files (Serialized files now loaded: 0)
System memory in use before: 171.9 MB.
System memory in use after: 172.0 MB.

Unloading 8 unused Assets to reduce memory usage. Loaded Objects now: 2367.
Total: 1.665000 ms (FindLiveObjects: 0.181300 ms CreateObjectMapping: 0.066000 ms MarkObjects: 1.389000 ms  DeleteObjects: 0.028000 ms)

AssetImportParameters requested are different than current active one (requested -> active):
  custom:graphics/normal-map-encoding: 01000000000000000000000000000000 -> 02000000000000000000000000000000
========================================================================
Received Prepare
Registering precompiled user dll's ...
Registered in 0.001051 seconds.
Begin MonoManager ReloadAssembly
Native extension for WindowsStandalone target not found
Refreshing native plugins compatible for Editor in 0.30 ms, found 1 plugins.
Preloading 0 native plugins for Editor in 0.00 ms.
Invoked RoslynAnalysisRunner static constructor.
RoslynAnalysisRunner will not be running.
RoslynAnalysisRunner has terminated.
Mono: successfully reloaded assembly
- Completed reload, in  1.928 seconds
Platform modules already initialized, skipping
Switching build target platform(5) subTarget(0) extendedPlatform(0) -> platform(13) subTarget(537395200) extendedPlatform(0)
Refreshing native plugins compatible for Editor in 0.31 ms, found 1 plugins.
Preloading 0 native plugins for Editor in 0.00 ms.
Unloading 1810 Unused Serialized files (Serialized files now loaded: 0)
System memory in use before: 171.9 MB.
System memory in use after: 172.0 MB.

Unloading 8 unused Assets to reduce memory usage. Loaded Objects now: 2369.
Total: 1.962700 ms (FindLiveObjects: 0.240900 ms CreateObjectMapping: 0.069900 ms MarkObjects: 1.633000 ms  DeleteObjects: 0.017300 ms)

AssetImportParameters requested are different than current active one (requested -> active):
  custom:graphics/normal-map-encoding: 01000000000000000000000000000000 -> 02000000000000000000000000000000
========================================================================
Received Prepare
Registering precompiled user dll's ...
Registered in 0.001667 seconds.
Begin MonoManager ReloadAssembly
Native extension for WindowsStandalone target not found
Refreshing native plugins compatible for Editor in 0.36 ms, found 1 plugins.
Preloading 0 native plugins for Editor in 0.00 ms.
Invoked RoslynAnalysisRunner static constructor.
RoslynAnalysisRunner will not be running.
RoslynAnalysisRunner has terminated.
Mono: successfully reloaded assembly
- Completed reload, in  1.905 seconds
Platform modules already initialized, skipping
Switching build target platform(5) subTarget(0) extendedPlatform(0) -> platform(13) subTarget(537395200) extendedPlatform(0)
Refreshing native plugins compatible for Editor in 0.31 ms, found 1 plugins.
Preloading 0 native plugins for Editor in 0.00 ms.
Unloading 1810 Unused Serialized files (Serialized files now loaded: 0)
System memory in use before: 171.9 MB.
System memory in use after: 172.0 MB.

Unloading 8 unused Assets to reduce memory usage. Loaded Objects now: 2371.
Total: 2.277400 ms (FindLiveObjects: 0.173000 ms CreateObjectMapping: 0.069900 ms MarkObjects: 2.015000 ms  DeleteObjects: 0.017800 ms)

AssetImportParameters requested are different than current active one (requested -> active):
  custom:graphics/normal-map-encoding: 01000000000000000000000000000000 -> 02000000000000000000000000000000
========================================================================
Received Prepare
Registering precompiled user dll's ...
Registered in 0.001788 seconds.
Begin MonoManager ReloadAssembly
Native extension for WindowsStandalone target not found
Refreshing native plugins compatible for Editor in 0.34 ms, found 1 plugins.
Preloading 0 native plugins for Editor in 0.00 ms.
Invoked RoslynAnalysisRunner static constructor.
RoslynAnalysisRunner will not be running.
RoslynAnalysisRunner has terminated.
Mono: successfully reloaded assembly
- Completed reload, in  1.903 seconds
Platform modules already initialized, skipping
Switching build target platform(5) subTarget(0) extendedPlatform(0) -> platform(13) subTarget(537395200) extendedPlatform(0)
Refreshing native plugins compatible for Editor in 0.31 ms, found 1 plugins.
Preloading 0 native plugins for Editor in 0.00 ms.
Unloading 1810 Unused Serialized files (Serialized files now loaded: 0)
System memory in use before: 171.9 MB.
System memory in use after: 172.0 MB.

Unloading 8 unused Assets to reduce memory usage. Loaded Objects now: 2373.
Total: 2.387000 ms (FindLiveObjects: 0.233600 ms CreateObjectMapping: 0.111800 ms MarkObjects: 2.022800 ms  DeleteObjects: 0.016700 ms)

AssetImportParameters requested are different than current active one (requested -> active):
  custom:graphics/normal-map-encoding: 01000000000000000000000000000000 -> 02000000000000000000000000000000
========================================================================
Received Prepare
Registering precompiled user dll's ...
Registered in 0.001084 seconds.
Begin MonoManager ReloadAssembly
Native extension for WindowsStandalone target not found
Refreshing native plugins compatible for Editor in 0.32 ms, found 1 plugins.
Preloading 0 native plugins for Editor in 0.00 ms.
Invoked RoslynAnalysisRunner static constructor.
RoslynAnalysisRunner will not be running.
RoslynAnalysisRunner has terminated.
Mono: successfully reloaded assembly
- Completed reload, in  1.124 seconds
Platform modules already initialized, skipping
Switching build target platform(5) subTarget(0) extendedPlatform(0) -> platform(13) subTarget(537395200) extendedPlatform(0)
Refreshing native plugins compatible for Editor in 0.37 ms, found 1 plugins.
Preloading 0 native plugins for Editor in 0.00 ms.
Unloading 1810 Unused Serialized files (Serialized files now loaded: 0)
System memory in use before: 171.9 MB.
System memory in use after: 172.0 MB.

Unloading 8 unused Assets to reduce memory usage. Loaded Objects now: 2375.
Total: 1.591400 ms (FindLiveObjects: 0.167700 ms CreateObjectMapping: 0.063600 ms MarkObjects: 1.344000 ms  DeleteObjects: 0.015300 ms)

AssetImportParameters requested are different than current active one (requested -> active):
  custom:graphics/normal-map-encoding: 01000000000000000000000000000000 -> 02000000000000000000000000000000
========================================================================
Received Prepare
Registering precompiled user dll's ...
Registered in 0.002786 seconds.
Begin MonoManager ReloadAssembly
Native extension for WindowsStandalone target not found
Refreshing native plugins compatible for Editor in 0.41 ms, found 1 plugins.
Preloading 0 native plugins for Editor in 0.00 ms.
Invoked RoslynAnalysisRunner static constructor.
RoslynAnalysisRunner will not be running.
RoslynAnalysisRunner has terminated.
Mono: successfully reloaded assembly
- Completed reload, in  1.499 seconds
Platform modules already initialized, skipping
Switching build target platform(5) subTarget(0) extendedPlatform(0) -> platform(13) subTarget(537395200) extendedPlatform(0)
Refreshing native plugins compatible for Editor in 0.34 ms, found 1 plugins.
Preloading 0 native plugins for Editor in 0.00 ms.
Unloading 1810 Unused Serialized files (Serialized files now loaded: 0)
System memory in use before: 171.9 MB.
System memory in use after: 172.0 MB.

Unloading 8 unused Assets to reduce memory usage. Loaded Objects now: 2377.
Total: 2.844000 ms (FindLiveObjects: 0.237600 ms CreateObjectMapping: 0.093900 ms MarkObjects: 2.493200 ms  DeleteObjects: 0.017600 ms)

AssetImportParameters requested are different than current active one (requested -> active):
  custom:graphics/normal-map-encoding: 01000000000000000000000000000000 -> 02000000000000000000000000000000
========================================================================
Received Prepare
Registering precompiled user dll's ...
Registered in 0.000913 seconds.
Begin MonoManager ReloadAssembly
Native extension for WindowsStandalone target not found
Refreshing native plugins compatible for Editor in 0.32 ms, found 1 plugins.
Preloading 0 native plugins for Editor in 0.00 ms.
Invoked RoslynAnalysisRunner static constructor.
RoslynAnalysisRunner will not be running.
RoslynAnalysisRunner has terminated.
Mono: successfully reloaded assembly
- Completed reload, in  1.476 seconds
Platform modules already initialized, skipping
Switching build target platform(5) subTarget(0) extendedPlatform(0) -> platform(13) subTarget(537395200) extendedPlatform(0)
Refreshing native plugins compatible for Editor in 0.31 ms, found 1 plugins.
Preloading 0 native plugins for Editor in 0.00 ms.
Unloading 1810 Unused Serialized files (Serialized files now loaded: 0)
System memory in use before: 171.9 MB.
System memory in use after: 172.0 MB.

Unloading 8 unused Assets to reduce memory usage. Loaded Objects now: 2379.
Total: 2.266200 ms (FindLiveObjects: 0.222400 ms CreateObjectMapping: 0.144400 ms MarkObjects: 1.878400 ms  DeleteObjects: 0.019000 ms)

AssetImportParameters requested are different than current active one (requested -> active):
  custom:graphics/normal-map-encoding: 01000000000000000000000000000000 -> 02000000000000000000000000000000
========================================================================
Received Prepare
Registering precompiled user dll's ...
Registered in 0.001949 seconds.
Begin MonoManager ReloadAssembly
Native extension for WindowsStandalone target not found
Refreshing native plugins compatible for Editor in 0.57 ms, found 1 plugins.
Preloading 0 native plugins for Editor in 0.00 ms.
Invoked RoslynAnalysisRunner static constructor.
RoslynAnalysisRunner will not be running.
RoslynAnalysisRunner has terminated.
Mono: successfully reloaded assembly
- Completed reload, in  1.398 seconds
Platform modules already initialized, skipping
Switching build target platform(5) subTarget(0) extendedPlatform(0) -> platform(13) subTarget(537395200) extendedPlatform(0)
Refreshing native plugins compatible for Editor in 0.34 ms, found 1 plugins.
Preloading 0 native plugins for Editor in 0.00 ms.
Unloading 1810 Unused Serialized files (Serialized files now loaded: 0)
System memory in use before: 171.9 MB.
System memory in use after: 172.0 MB.

Unloading 8 unused Assets to reduce memory usage. Loaded Objects now: 2381.
Total: 2.162400 ms (FindLiveObjects: 0.265000 ms CreateObjectMapping: 0.074500 ms MarkObjects: 1.801200 ms  DeleteObjects: 0.020200 ms)

AssetImportParameters requested are different than current active one (requested -> active):
  custom:graphics/normal-map-encoding: 01000000000000000000000000000000 -> 02000000000000000000000000000000
========================================================================
Received Prepare
Registering precompiled user dll's ...
Registered in 0.001852 seconds.
Begin MonoManager ReloadAssembly
Native extension for WindowsStandalone target not found
Refreshing native plugins compatible for Editor in 0.31 ms, found 1 plugins.
Preloading 0 native plugins for Editor in 0.00 ms.
Invoked RoslynAnalysisRunner static constructor.
RoslynAnalysisRunner will not be running.
RoslynAnalysisRunner has terminated.
Mono: successfully reloaded assembly
- Completed reload, in  1.073 seconds
Platform modules already initialized, skipping
Switching build target platform(5) subTarget(0) extendedPlatform(0) -> platform(13) subTarget(537395200) extendedPlatform(0)
Refreshing native plugins compatible for Editor in 0.31 ms, found 1 plugins.
Preloading 0 native plugins for Editor in 0.00 ms.
Unloading 1810 Unused Serialized files (Serialized files now loaded: 0)
System memory in use before: 171.9 MB.
System memory in use after: 172.0 MB.

Unloading 8 unused Assets to reduce memory usage. Loaded Objects now: 2383.
Total: 1.587900 ms (FindLiveObjects: 0.173400 ms CreateObjectMapping: 0.061300 ms MarkObjects: 1.338200 ms  DeleteObjects: 0.014000 ms)

AssetImportParameters requested are different than current active one (requested -> active):
  custom:graphics/normal-map-encoding: 01000000000000000000000000000000 -> 02000000000000000000000000000000
========================================================================
Received Prepare
Registering precompiled user dll's ...
Registered in 0.001033 seconds.
Begin MonoManager ReloadAssembly
Native extension for WindowsStandalone target not found
Refreshing native plugins compatible for Editor in 0.30 ms, found 1 plugins.
Preloading 0 native plugins for Editor in 0.00 ms.
Invoked RoslynAnalysisRunner static constructor.
RoslynAnalysisRunner will not be running.
RoslynAnalysisRunner has terminated.
Mono: successfully reloaded assembly
- Completed reload, in  1.246 seconds
Platform modules already initialized, skipping
Switching build target platform(5) subTarget(0) extendedPlatform(0) -> platform(13) subTarget(537395200) extendedPlatform(0)
Refreshing native plugins compatible for Editor in 0.84 ms, found 1 plugins.
Preloading 0 native plugins for Editor in 0.00 ms.
Unloading 1810 Unused Serialized files (Serialized files now loaded: 0)
System memory in use before: 171.9 MB.
System memory in use after: 172.0 MB.

Unloading 8 unused Assets to reduce memory usage. Loaded Objects now: 2385.
Total: 4.782500 ms (FindLiveObjects: 0.178900 ms CreateObjectMapping: 0.067000 ms MarkObjects: 4.515800 ms  DeleteObjects: 0.019300 ms)

AssetImportParameters requested are different than current active one (requested -> active):
  custom:graphics/normal-map-encoding: 01000000000000000000000000000000 -> 02000000000000000000000000000000
========================================================================
Received Prepare
Registering precompiled user dll's ...
Registered in 0.000983 seconds.
Begin MonoManager ReloadAssembly
Native extension for WindowsStandalone target not found
Refreshing native plugins compatible for Editor in 0.32 ms, found 1 plugins.
Preloading 0 native plugins for Editor in 0.00 ms.
Invoked RoslynAnalysisRunner static constructor.
RoslynAnalysisRunner will not be running.
RoslynAnalysisRunner has terminated.
Mono: successfully reloaded assembly
- Completed reload, in  1.052 seconds
Platform modules already initialized, skipping
Switching build target platform(5) subTarget(0) extendedPlatform(0) -> platform(13) subTarget(537395200) extendedPlatform(0)
Refreshing native plugins compatible for Editor in 0.31 ms, found 1 plugins.
Preloading 0 native plugins for Editor in 0.00 ms.
Unloading 1810 Unused Serialized files (Serialized files now loaded: 0)
System memory in use before: 171.9 MB.
System memory in use after: 172.1 MB.

Unloading 8 unused Assets to reduce memory usage. Loaded Objects now: 2387.
Total: 1.569800 ms (FindLiveObjects: 0.163700 ms CreateObjectMapping: 0.060900 ms MarkObjects: 1.328900 ms  DeleteObjects: 0.015400 ms)

AssetImportParameters requested are different than current active one (requested -> active):
  custom:graphics/normal-map-encoding: 01000000000000000000000000000000 -> 02000000000000000000000000000000
========================================================================
Received Import Request.
  Time since last request: 1183.782808 seconds.
  path: Assets/Prefab/env002audience00front1hand 1 1.prefab
  artifactKey: Guid(11389e783189a58478af439543228dfe) Importer(815301076,1909f56bfc062723c751e8b465ee728b)
Start importing Assets/Prefab/env002audience00front1hand 1 1.prefab using Guid(11389e783189a58478af439543228dfe) Importer(815301076,1909f56bfc062723c751e8b465ee728b)  -> (artifact id: '8e58faf005d135fdb60b11b86db73e9a') in 0.084090 seconds
  Import took 0.087766 seconds .

========================================================================
Received Prepare
Registering precompiled user dll's ...
Registered in 0.000909 seconds.
Begin MonoManager ReloadAssembly
Native extension for WindowsStandalone target not found
Refreshing native plugins compatible for Editor in 0.30 ms, found 1 plugins.
Preloading 0 native plugins for Editor in 0.00 ms.
Invoked RoslynAnalysisRunner static constructor.
RoslynAnalysisRunner will not be running.
RoslynAnalysisRunner has terminated.
Mono: successfully reloaded assembly
- Completed reload, in  1.066 seconds
Platform modules already initialized, skipping
Switching build target platform(5) subTarget(0) extendedPlatform(0) -> platform(13) subTarget(537395200) extendedPlatform(0)
Refreshing native plugins compatible for Editor in 0.32 ms, found 1 plugins.
Preloading 0 native plugins for Editor in 0.00 ms.
Unloading 1810 Unused Serialized files (Serialized files now loaded: 0)
System memory in use before: 172.0 MB.
System memory in use after: 172.1 MB.

Unloading 8 unused Assets to reduce memory usage. Loaded Objects now: 2390.
Total: 1.836100 ms (FindLiveObjects: 0.165300 ms CreateObjectMapping: 0.059600 ms MarkObjects: 1.594300 ms  DeleteObjects: 0.015700 ms)

AssetImportParameters requested are different than current active one (requested -> active):
  custom:graphics/normal-map-encoding: 01000000000000000000000000000000 -> 02000000000000000000000000000000
========================================================================
Received Prepare
Registering precompiled user dll's ...
Registered in 0.002678 seconds.
Begin MonoManager ReloadAssembly
Native extension for WindowsStandalone target not found
Refreshing native plugins compatible for Editor in 0.30 ms, found 1 plugins.
Preloading 0 native plugins for Editor in 0.00 ms.
Invoked RoslynAnalysisRunner static constructor.
RoslynAnalysisRunner will not be running.
RoslynAnalysisRunner has terminated.
Mono: successfully reloaded assembly
- Completed reload, in  1.069 seconds
Platform modules already initialized, skipping
Switching build target platform(5) subTarget(0) extendedPlatform(0) -> platform(13) subTarget(537395200) extendedPlatform(0)
Refreshing native plugins compatible for Editor in 0.40 ms, found 1 plugins.
Preloading 0 native plugins for Editor in 0.00 ms.
Unloading 1810 Unused Serialized files (Serialized files now loaded: 0)
System memory in use before: 172.0 MB.
System memory in use after: 172.1 MB.

Unloading 8 unused Assets to reduce memory usage. Loaded Objects now: 2392.
Total: 2.219600 ms (FindLiveObjects: 0.210200 ms CreateObjectMapping: 0.081000 ms MarkObjects: 1.908100 ms  DeleteObjects: 0.018700 ms)

AssetImportParameters requested are different than current active one (requested -> active):
  custom:graphics/normal-map-encoding: 01000000000000000000000000000000 -> 02000000000000000000000000000000
========================================================================
Received Import Request.
  Time since last request: 102.590973 seconds.
  path: Assets/Rough Assets/obj002tomato1splat.png
  artifactKey: Guid(bece5d1be9fe6de4da04f3b1eb4f2838) Importer(815301076,1909f56bfc062723c751e8b465ee728b)
Start importing Assets/Rough Assets/obj002tomato1splat.png using Guid(bece5d1be9fe6de4da04f3b1eb4f2838) Importer(815301076,1909f56bfc062723c751e8b465ee728b)  -> (artifact id: 'f54e81a1569283a524921556d2eefc59') in 0.108076 seconds
  Import took 0.111750 seconds .

========================================================================
Received Prepare
Registering precompiled user dll's ...
Registered in 0.001457 seconds.
Begin MonoManager ReloadAssembly
Native extension for WindowsStandalone target not found
Refreshing native plugins compatible for Editor in 0.31 ms, found 1 plugins.
Preloading 0 native plugins for Editor in 0.00 ms.
Invoked RoslynAnalysisRunner static constructor.
RoslynAnalysisRunner will not be running.
RoslynAnalysisRunner has terminated.
Mono: successfully reloaded assembly
- Completed reload, in  2.045 seconds
Platform modules already initialized, skipping
Switching build target platform(5) subTarget(0) extendedPlatform(0) -> platform(13) subTarget(537395200) extendedPlatform(0)
Refreshing native plugins compatible for Editor in 0.30 ms, found 1 plugins.
Preloading 0 native plugins for Editor in 0.00 ms.
Unloading 1810 Unused Serialized files (Serialized files now loaded: 0)
System memory in use before: 172.0 MB.
System memory in use after: 172.1 MB.

Unloading 8 unused Assets to reduce memory usage. Loaded Objects now: 2395.
Total: 2.854100 ms (FindLiveObjects: 0.184700 ms CreateObjectMapping: 0.069700 ms MarkObjects: 2.579400 ms  DeleteObjects: 0.018400 ms)

AssetImportParameters requested are different than current active one (requested -> active):
  custom:graphics/normal-map-encoding: 01000000000000000000000000000000 -> 02000000000000000000000000000000
========================================================================
Received Import Request.
  Time since last request: 122.685350 seconds.
  path: Assets/Rough Assets/obj002tomato1splat.png
  artifactKey: Guid(bece5d1be9fe6de4da04f3b1eb4f2838) Importer(815301076,1909f56bfc062723c751e8b465ee728b)
Start importing Assets/Rough Assets/obj002tomato1splat.png using Guid(bece5d1be9fe6de4da04f3b1eb4f2838) Importer(815301076,1909f56bfc062723c751e8b465ee728b)  -> (artifact id: 'c190989a2baf25ca9e8ff526c22c1c86') in 0.058713 seconds
  Import took 0.062040 seconds .

========================================================================
Received Import Request.
  Time since last request: 0.000525 seconds.
  path: Assets/Rough Assets/obj002tomato1splat.png
  artifactKey: Guid(bece5d1be9fe6de4da04f3b1eb4f2838) Importer(815301076,1909f56bfc062723c751e8b465ee728b)
Start importing Assets/Rough Assets/obj002tomato1splat.png using Guid(bece5d1be9fe6de4da04f3b1eb4f2838) Importer(815301076,1909f56bfc062723c751e8b465ee728b)  -> (artifact id: 'c190989a2baf25ca9e8ff526c22c1c86') in 0.010419 seconds
  Import took 0.013402 seconds .

========================================================================
Received Prepare
Registering precompiled user dll's ...
Registered in 0.001002 seconds.
Begin MonoManager ReloadAssembly
Native extension for WindowsStandalone target not found
Refreshing native plugins compatible for Editor in 0.31 ms, found 1 plugins.
Preloading 0 native plugins for Editor in 0.00 ms.
Invoked RoslynAnalysisRunner static constructor.
RoslynAnalysisRunner will not be running.
RoslynAnalysisRunner has terminated.
Mono: successfully reloaded assembly
- Completed reload, in  1.083 seconds
Platform modules already initialized, skipping
Switching build target platform(5) subTarget(0) extendedPlatform(0) -> platform(13) subTarget(537395200) extendedPlatform(0)
Refreshing native plugins compatible for Editor in 0.30 ms, found 1 plugins.
Preloading 0 native plugins for Editor in 0.00 ms.
Unloading 1810 Unused Serialized files (Serialized files now loaded: 0)
System memory in use before: 172.0 MB.
System memory in use after: 172.1 MB.

Unloading 8 unused Assets to reduce memory usage. Loaded Objects now: 2400.
Total: 3.181900 ms (FindLiveObjects: 0.349100 ms CreateObjectMapping: 0.594800 ms MarkObjects: 2.201500 ms  DeleteObjects: 0.035200 ms)

AssetImportParameters requested are different than current active one (requested -> active):
  custom:graphics/normal-map-encoding: 01000000000000000000000000000000 -> 02000000000000000000000000000000
========================================================================
Received Import Request.
  Time since last request: 52.684661 seconds.
  path: Assets/Rough Assets/obj002tomato1splat.png
  artifactKey: Guid(bece5d1be9fe6de4da04f3b1eb4f2838) Importer(815301076,1909f56bfc062723c751e8b465ee728b)
Start importing Assets/Rough Assets/obj002tomato1splat.png using Guid(bece5d1be9fe6de4da04f3b1eb4f2838) Importer(815301076,1909f56bfc062723c751e8b465ee728b)  -> (artifact id: '8d0bf34ccd20ecb7698cbb2afa55db8a') in 0.096894 seconds
  Import took 0.131991 seconds .

========================================================================
Received Import Request.
  Time since last request: 0.564532 seconds.
  path: Assets/Rough Assets/obj002tomato1splat.png
  artifactKey: Guid(bece5d1be9fe6de4da04f3b1eb4f2838) Importer(815301076,1909f56bfc062723c751e8b465ee728b)
Start importing Assets/Rough Assets/obj002tomato1splat.png using Guid(bece5d1be9fe6de4da04f3b1eb4f2838) Importer(815301076,1909f56bfc062723c751e8b465ee728b)  -> (artifact id: '8d0bf34ccd20ecb7698cbb2afa55db8a') in 0.021217 seconds
  Import took 0.026412 seconds .

========================================================================
Received Prepare
Registering precompiled user dll's ...
Registered in 0.001023 seconds.
Begin MonoManager ReloadAssembly
Native extension for WindowsStandalone target not found
Refreshing native plugins compatible for Editor in 0.34 ms, found 1 plugins.
Preloading 0 native plugins for Editor in 0.00 ms.
Invoked RoslynAnalysisRunner static constructor.
RoslynAnalysisRunner will not be running.
RoslynAnalysisRunner has terminated.
Mono: successfully reloaded assembly
- Completed reload, in  1.604 seconds
Platform modules already initialized, skipping
Switching build target platform(5) subTarget(0) extendedPlatform(0) -> platform(13) subTarget(537395200) extendedPlatform(0)
Refreshing native plugins compatible for Editor in 0.83 ms, found 1 plugins.
Preloading 0 native plugins for Editor in 0.00 ms.
Unloading 1810 Unused Serialized files (Serialized files now loaded: 0)
System memory in use before: 172.0 MB.
System memory in use after: 172.1 MB.

Unloading 8 unused Assets to reduce memory usage. Loaded Objects now: 2403.
Total: 1.908300 ms (FindLiveObjects: 0.251700 ms CreateObjectMapping: 0.074900 ms MarkObjects: 1.564400 ms  DeleteObjects: 0.016200 ms)

AssetImportParameters requested are different than current active one (requested -> active):
  custom:graphics/normal-map-encoding: 01000000000000000000000000000000 -> 02000000000000000000000000000000
========================================================================
Received Import Request.
  Time since last request: 39.199074 seconds.
  path: Assets/Rough Assets/obj002tomato1splat.png
  artifactKey: Guid(bece5d1be9fe6de4da04f3b1eb4f2838) Importer(815301076,1909f56bfc062723c751e8b465ee728b)
Start importing Assets/Rough Assets/obj002tomato1splat.png using Guid(bece5d1be9fe6de4da04f3b1eb4f2838) Importer(815301076,1909f56bfc062723c751e8b465ee728b)  -> (artifact id: '5f32d4eed96c1d706800700e3ba5a3d2') in 0.059430 seconds
  Import took 0.073196 seconds .

========================================================================
Received Prepare
Registering precompiled user dll's ...
Registered in 0.001011 seconds.
Begin MonoManager ReloadAssembly
Native extension for WindowsStandalone target not found
Refreshing native plugins compatible for Editor in 0.33 ms, found 1 plugins.
Preloading 0 native plugins for Editor in 0.00 ms.
Invoked RoslynAnalysisRunner static constructor.
RoslynAnalysisRunner will not be running.
RoslynAnalysisRunner has terminated.
Mono: successfully reloaded assembly
- Completed reload, in  1.555 seconds
Platform modules already initialized, skipping
Switching build target platform(5) subTarget(0) extendedPlatform(0) -> platform(13) subTarget(537395200) extendedPlatform(0)
Refreshing native plugins compatible for Editor in 0.39 ms, found 1 plugins.
Preloading 0 native plugins for Editor in 0.00 ms.
Unloading 1810 Unused Serialized files (Serialized files now loaded: 0)
System memory in use before: 172.0 MB.
System memory in use after: 172.1 MB.

Unloading 8 unused Assets to reduce memory usage. Loaded Objects now: 2408.
Total: 6.863800 ms (FindLiveObjects: 0.588900 ms CreateObjectMapping: 0.278300 ms MarkObjects: 5.978700 ms  DeleteObjects: 0.016900 ms)

AssetImportParameters requested are different than current active one (requested -> active):
  custom:graphics/normal-map-encoding: 01000000000000000000000000000000 -> 02000000000000000000000000000000
========================================================================
Received Import Request.
  Time since last request: 36.335112 seconds.
  path: Assets/Rough Assets/obj002tomato1splat.png
  artifactKey: Guid(bece5d1be9fe6de4da04f3b1eb4f2838) Importer(815301076,1909f56bfc062723c751e8b465ee728b)
Start importing Assets/Rough Assets/obj002tomato1splat.png using Guid(bece5d1be9fe6de4da04f3b1eb4f2838) Importer(815301076,1909f56bfc062723c751e8b465ee728b)  -> (artifact id: 'dbec8a09f29b24cef5ff89ff4b09f36d') in 0.069046 seconds
  Import took 0.074756 seconds .

========================================================================
Received Prepare
Registering precompiled user dll's ...
Registered in 0.000935 seconds.
Begin MonoManager ReloadAssembly
Native extension for WindowsStandalone target not found
Refreshing native plugins compatible for Editor in 0.32 ms, found 1 plugins.
Preloading 0 native plugins for Editor in 0.00 ms.
Invoked RoslynAnalysisRunner static constructor.
RoslynAnalysisRunner will not be running.
RoslynAnalysisRunner has terminated.
Mono: successfully reloaded assembly
- Completed reload, in  1.598 seconds
Platform modules already initialized, skipping
Switching build target platform(5) subTarget(0) extendedPlatform(0) -> platform(13) subTarget(537395200) extendedPlatform(0)
Refreshing native plugins compatible for Editor in 0.41 ms, found 1 plugins.
Preloading 0 native plugins for Editor in 0.00 ms.
Unloading 1810 Unused Serialized files (Serialized files now loaded: 0)
System memory in use before: 172.0 MB.
System memory in use after: 172.1 MB.

Unloading 8 unused Assets to reduce memory usage. Loaded Objects now: 2411.
Total: 2.501700 ms (FindLiveObjects: 0.173300 ms CreateObjectMapping: 0.073800 ms MarkObjects: 2.236200 ms  DeleteObjects: 0.016900 ms)

AssetImportParameters requested are different than current active one (requested -> active):
  custom:graphics/normal-map-encoding: 01000000000000000000000000000000 -> 02000000000000000000000000000000
========================================================================
Received Import Request.
  Time since last request: 12.748442 seconds.
  path: Assets/Rough Assets/obj002tomato1splat.png
  artifactKey: Guid(bece5d1be9fe6de4da04f3b1eb4f2838) Importer(815301076,1909f56bfc062723c751e8b465ee728b)
Start importing Assets/Rough Assets/obj002tomato1splat.png using Guid(bece5d1be9fe6de4da04f3b1eb4f2838) Importer(815301076,1909f56bfc062723c751e8b465ee728b)  -> (artifact id: '1f2b865141b03d57484a5380056a6dd6') in 0.060724 seconds
  Import took 0.064048 seconds .

========================================================================
Received Prepare
Registering precompiled user dll's ...
Registered in 0.000873 seconds.
Begin MonoManager ReloadAssembly
Native extension for WindowsStandalone target not found
Refreshing native plugins compatible for Editor in 0.33 ms, found 1 plugins.
Preloading 0 native plugins for Editor in 0.00 ms.
Invoked RoslynAnalysisRunner static constructor.
RoslynAnalysisRunner will not be running.
RoslynAnalysisRunner has terminated.
Mono: successfully reloaded assembly
- Completed reload, in  1.750 seconds
Platform modules already initialized, skipping
Switching build target platform(5) subTarget(0) extendedPlatform(0) -> platform(13) subTarget(537395200) extendedPlatform(0)
Refreshing native plugins compatible for Editor in 1.11 ms, found 1 plugins.
Preloading 0 native plugins for Editor in 0.00 ms.
Unloading 1810 Unused Serialized files (Serialized files now loaded: 0)
System memory in use before: 172.0 MB.
System memory in use after: 172.1 MB.

Unloading 8 unused Assets to reduce memory usage. Loaded Objects now: 2414.
Total: 1.926800 ms (FindLiveObjects: 0.189600 ms CreateObjectMapping: 0.072500 ms MarkObjects: 1.645400 ms  DeleteObjects: 0.018000 ms)

AssetImportParameters requested are different than current active one (requested -> active):
  custom:graphics/normal-map-encoding: 01000000000000000000000000000000 -> 02000000000000000000000000000000
========================================================================
Received Import Request.
  Time since last request: 82.767248 seconds.
  path: Assets/Rough Assets/obj002tomato1splat.png
  artifactKey: Guid(bece5d1be9fe6de4da04f3b1eb4f2838) Importer(815301076,1909f56bfc062723c751e8b465ee728b)
Start importing Assets/Rough Assets/obj002tomato1splat.png using Guid(bece5d1be9fe6de4da04f3b1eb4f2838) Importer(815301076,1909f56bfc062723c751e8b465ee728b)  -> (artifact id: 'a83aae1b2daeb7117257597d5e003a76') in 0.068333 seconds
  Import took 0.078054 seconds .

========================================================================
Received Prepare
Registering precompiled user dll's ...
Registered in 0.001110 seconds.
Begin MonoManager ReloadAssembly
Native extension for WindowsStandalone target not found
Refreshing native plugins compatible for Editor in 0.35 ms, found 1 plugins.
Preloading 0 native plugins for Editor in 0.00 ms.
Invoked RoslynAnalysisRunner static constructor.
RoslynAnalysisRunner will not be running.
RoslynAnalysisRunner has terminated.
Mono: successfully reloaded assembly
- Completed reload, in  1.061 seconds
Platform modules already initialized, skipping
Switching build target platform(5) subTarget(0) extendedPlatform(0) -> platform(13) subTarget(537395200) extendedPlatform(0)
Refreshing native plugins compatible for Editor in 0.38 ms, found 1 plugins.
Preloading 0 native plugins for Editor in 0.00 ms.
Unloading 1810 Unused Serialized files (Serialized files now loaded: 0)
System memory in use before: 172.1 MB.
System memory in use after: 172.2 MB.

Unloading 8 unused Assets to reduce memory usage. Loaded Objects now: 2417.
Total: 1.847800 ms (FindLiveObjects: 0.177400 ms CreateObjectMapping: 0.068700 ms MarkObjects: 1.583200 ms  DeleteObjects: 0.017200 ms)

AssetImportParameters requested are different than current active one (requested -> active):
  custom:graphics/normal-map-encoding: 01000000000000000000000000000000 -> 02000000000000000000000000000000
