Using pre-set license
Built from '2020.2/staging' branch; Version is '2020.2.6f1 (8a2143876886) revision 9052483'; Using compiler version '192528614'; Build Type 'Release'
OS: 'Windows 10 Pro; OS build 19042.804; Version 2009; 64bit' Language: 'en' Physical Memory: 16318 MB
BatchMode: 1, IsHumanControllingUs: 0, StartBugReporterOnCrash: 0, Is64bit: 1, IsPro: 0

 COMMAND LINE ARGUMENTS:
D:\2-Programs\Editor_Unity\2020.2.6f1\Editor\Unity.exe
-adb2
-batchMode
-noUpm
-name
AssetImportWorker3
-projectPath
D:/1-Storage/Unity/Exitstageleft/Exit Stage Left - Demo
-logFile
Logs/AssetImportWorker3.log
-srvPort
60775
Successfully changed project path to: D:/1-Storage/Unity/Exitstageleft/Exit Stage Left - Demo
D:/1-Storage/Unity/Exitstageleft/Exit Stage Left - Demo
Using Asset Import Pipeline V2.
Refreshing native plugins compatible for Editor in 63.79 ms, found 1 plugins.
Preloading 0 native plugins for Editor in 0.00 ms.
Initialize engine version: 2020.2.6f1 (8a2143876886)
[Subsystems] Discovering subsystems at path D:/2-Programs/Editor_Unity/2020.2.6f1/Editor/Data/Resources/UnitySubsystems
[Subsystems] Discovering subsystems at path D:/1-Storage/Unity/Exitstageleft/Exit Stage Left - Demo/Assets
GfxDevice: creating device client; threaded=0
Direct3D:
    Version:  Direct3D 11.0 [level 11.1]
    Renderer: NVIDIA GeForce GTX 1060 6GB (ID=0x1b83)
    Vendor:   
    VRAM:     6052 MB
    Driver:   27.21.14.6140
Initialize mono
Mono path[0] = 'D:/2-Programs/Editor_Unity/2020.2.6f1/Editor/Data/Managed'
Mono path[1] = 'D:/2-Programs/Editor_Unity/2020.2.6f1/Editor/Data/MonoBleedingEdge/lib/mono/unityjit'
Mono config path = 'D:/2-Programs/Editor_Unity/2020.2.6f1/Editor/Data/MonoBleedingEdge/etc'
Using monoOptions --debugger-agent=transport=dt_socket,embedding=1,server=y,suspend=n,address=127.0.0.1:56372
Begin MonoManager ReloadAssembly
Registering precompiled unity dll's ...
Register platform support module: D:/2-Programs/Editor_Unity/2020.2.6f1/Editor/Data/PlaybackEngines/WindowsStandaloneSupport/UnityEditor.WindowsStandalone.Extensions.dll
Registered in 0.001486 seconds.
Native extension for WindowsStandalone target not found
Refreshing native plugins compatible for Editor in 48.15 ms, found 1 plugins.
Preloading 0 native plugins for Editor in 0.00 ms.
Invoked RoslynAnalysisRunner static constructor.
RoslynAnalysisRunner will not be running.
RoslynAnalysisRunner has terminated.
Mono: successfully reloaded assembly
- Completed reload, in  2.428 seconds
Platform modules already initialized, skipping
Registering precompiled user dll's ...
Registered in 0.001755 seconds.
Begin MonoManager ReloadAssembly
Native extension for WindowsStandalone target not found
Refreshing native plugins compatible for Editor in 45.08 ms, found 1 plugins.
Preloading 0 native plugins for Editor in 0.00 ms.
Invoked RoslynAnalysisRunner static constructor.
RoslynAnalysisRunner will not be running.
RoslynAnalysisRunner has terminated.
Mono: successfully reloaded assembly
- Completed reload, in  1.433 seconds
Platform modules already initialized, skipping
========================================================================
Worker process is ready to serve import requests
Launched and connected shader compiler UnityShaderCompiler.exe after 0.11 seconds
Refreshing native plugins compatible for Editor in 0.30 ms, found 1 plugins.
Preloading 0 native plugins for Editor in 0.00 ms.
Unloading 1814 Unused Serialized files (Serialized files now loaded: 0)
System memory in use before: 168.8 MB.
System memory in use after: 168.9 MB.

Unloading 19 unused Assets to reduce memory usage. Loaded Objects now: 2283.
Total: 2.260400 ms (FindLiveObjects: 0.559900 ms CreateObjectMapping: 0.088800 ms MarkObjects: 1.549400 ms  DeleteObjects: 0.060900 ms)

========================================================================
Received Import Request.
  path: Assets/Rough Assets/char000male06jumpR05.png
  artifactKey: Guid(b01627e5fd27e9344a5b33b8985cea02) Importer(815301076,1909f56bfc062723c751e8b465ee728b)
Start importing Assets/Rough Assets/char000male06jumpR05.png using Guid(b01627e5fd27e9344a5b33b8985cea02) Importer(815301076,1909f56bfc062723c751e8b465ee728b)  -> (artifact id: '9d43441cee52c893111b1fe9baf57b57') in 0.490622 seconds
  Import took 0.510051 seconds .

========================================================================
Received Import Request.
  Time since last request: 0.000803 seconds.
  path: Assets/Rough Assets/char000male06jumpL05.png
  artifactKey: Guid(8a48f7122a3bfb549bd979ad183020bf) Importer(815301076,1909f56bfc062723c751e8b465ee728b)
Start importing Assets/Rough Assets/char000male06jumpL05.png using Guid(8a48f7122a3bfb549bd979ad183020bf) Importer(815301076,1909f56bfc062723c751e8b465ee728b)  -> (artifact id: 'a1e741355e869d9bb6c8f8f16283da6d') in 0.030086 seconds
  Import took 0.050056 seconds .

========================================================================
Received Import Request.
  Time since last request: 0.001801 seconds.
  path: Assets/Rough Assets/char001female06jumpL04.png
  artifactKey: Guid(e4dc29eea0a33b34585e0ae6288a555b) Importer(815301076,1909f56bfc062723c751e8b465ee728b)
Start importing Assets/Rough Assets/char001female06jumpL04.png using Guid(e4dc29eea0a33b34585e0ae6288a555b) Importer(815301076,1909f56bfc062723c751e8b465ee728b)  -> (artifact id: 'c598d94bad31ab2e92ebf50f6a9094cd') in 0.088009 seconds
  Import took 0.143921 seconds .

========================================================================
Received Import Request.
  Time since last request: 0.001548 seconds.
  path: Assets/Rough Assets/char000male06jumpR04.png
  artifactKey: Guid(8fdae58edbef4e4438a5dcc0bc913a2a) Importer(815301076,1909f56bfc062723c751e8b465ee728b)
Start importing Assets/Rough Assets/char000male06jumpR04.png using Guid(8fdae58edbef4e4438a5dcc0bc913a2a) Importer(815301076,1909f56bfc062723c751e8b465ee728b)  -> (artifact id: '243615e41729b942f3950b40c47f813a') in 0.030688 seconds
  Import took 0.051538 seconds .

========================================================================
Received Import Request.
  Time since last request: 0.001398 seconds.
  path: Assets/Rough Assets/char001female06jumpL05.png
  artifactKey: Guid(1c91a630c51b71c45b1cd8e0a2694a5c) Importer(815301076,1909f56bfc062723c751e8b465ee728b)
Start importing Assets/Rough Assets/char001female06jumpL05.png using Guid(1c91a630c51b71c45b1cd8e0a2694a5c) Importer(815301076,1909f56bfc062723c751e8b465ee728b)  -> (artifact id: 'd5cc7919cff22912d49e92f48e7f65fb') in 0.020246 seconds
  Import took 0.029685 seconds .

========================================================================
Received Import Request.
  Time since last request: 0.000712 seconds.
  path: Assets/Scenes/Game.unity
  artifactKey: Guid(2cda990e2423bbf4892e6590ba056729) Importer(815301076,1909f56bfc062723c751e8b465ee728b)
Start importing Assets/Scenes/Game.unity using Guid(2cda990e2423bbf4892e6590ba056729) Importer(815301076,1909f56bfc062723c751e8b465ee728b)  -> (artifact id: '5116e8f488b6b6af74c409c18be836b8') in 0.066808 seconds
  Import took 0.099651 seconds .

========================================================================
Received Import Request.
  Time since last request: 0.004167 seconds.
  path: Assets/Rough Assets/char001female06jumpL03.png
  artifactKey: Guid(76c66dd92d2b1054d95f0af2599de6c3) Importer(815301076,1909f56bfc062723c751e8b465ee728b)
Start importing Assets/Rough Assets/char001female06jumpL03.png using Guid(76c66dd92d2b1054d95f0af2599de6c3) Importer(815301076,1909f56bfc062723c751e8b465ee728b)  -> (artifact id: '54310ed388df33fa19e87da6b6ac8c06') in 0.118477 seconds
  Import took 0.130866 seconds .

========================================================================
Received Import Request.
  Time since last request: 0.000700 seconds.
  path: Assets/Rough Assets/char000male06jumpL04.png
  artifactKey: Guid(d82fa693463d5464d813d90a998e9112) Importer(815301076,1909f56bfc062723c751e8b465ee728b)
Start importing Assets/Rough Assets/char000male06jumpL04.png using Guid(d82fa693463d5464d813d90a998e9112) Importer(815301076,1909f56bfc062723c751e8b465ee728b)  -> (artifact id: 'f9cd43eb5fba36e48bc6a4fd876c1514') in 0.050189 seconds
  Import took 0.059066 seconds .

========================================================================
Received Prepare
Registering precompiled user dll's ...
Registered in 0.001029 seconds.
Begin MonoManager ReloadAssembly
Native extension for WindowsStandalone target not found
Refreshing native plugins compatible for Editor in 0.47 ms, found 1 plugins.
Preloading 0 native plugins for Editor in 0.00 ms.
Invoked RoslynAnalysisRunner static constructor.
RoslynAnalysisRunner will not be running.
RoslynAnalysisRunner has terminated.
Mono: successfully reloaded assembly
- Completed reload, in  1.555 seconds
Platform modules already initialized, skipping
Switching build target platform(5) subTarget(0) extendedPlatform(0) -> platform(13) subTarget(537395200) extendedPlatform(0)
Refreshing native plugins compatible for Editor in 2.84 ms, found 1 plugins.
Preloading 0 native plugins for Editor in 0.00 ms.
Unloading 1808 Unused Serialized files (Serialized files now loaded: 0)
System memory in use before: 171.6 MB.
System memory in use after: 171.7 MB.

Unloading 8 unused Assets to reduce memory usage. Loaded Objects now: 2291.
Total: 2.314900 ms (FindLiveObjects: 0.174900 ms CreateObjectMapping: 0.068800 ms MarkObjects: 2.051300 ms  DeleteObjects: 0.018500 ms)

AssetImportParameters requested are different than current active one (requested -> active):
  custom:graphics/normal-map-encoding: 01000000000000000000000000000000 -> 02000000000000000000000000000000
========================================================================
Received Prepare
Registering precompiled user dll's ...
Registered in 0.001378 seconds.
Begin MonoManager ReloadAssembly
Native extension for WindowsStandalone target not found
Refreshing native plugins compatible for Editor in 0.32 ms, found 1 plugins.
Preloading 0 native plugins for Editor in 0.00 ms.
Invoked RoslynAnalysisRunner static constructor.
RoslynAnalysisRunner will not be running.
RoslynAnalysisRunner has terminated.
Mono: successfully reloaded assembly
- Completed reload, in  1.678 seconds
Platform modules already initialized, skipping
Switching build target platform(5) subTarget(0) extendedPlatform(0) -> platform(13) subTarget(537395200) extendedPlatform(0)
Refreshing native plugins compatible for Editor in 0.30 ms, found 1 plugins.
Preloading 0 native plugins for Editor in 0.00 ms.
Unloading 1808 Unused Serialized files (Serialized files now loaded: 0)
System memory in use before: 171.6 MB.
System memory in use after: 171.7 MB.

Unloading 8 unused Assets to reduce memory usage. Loaded Objects now: 2293.
Total: 4.174200 ms (FindLiveObjects: 0.158900 ms CreateObjectMapping: 0.061000 ms MarkObjects: 3.933900 ms  DeleteObjects: 0.018600 ms)

AssetImportParameters requested are different than current active one (requested -> active):
  custom:graphics/normal-map-encoding: 01000000000000000000000000000000 -> 02000000000000000000000000000000
========================================================================
Received Import Request.
  Time since last request: 123.031487 seconds.
  path: Assets/Scenes/Game.unity
  artifactKey: Guid(2cda990e2423bbf4892e6590ba056729) Importer(815301076,1909f56bfc062723c751e8b465ee728b)
Start importing Assets/Scenes/Game.unity using Guid(2cda990e2423bbf4892e6590ba056729) Importer(815301076,1909f56bfc062723c751e8b465ee728b)  -> (artifact id: '2e0c1297896ce9b1cf286b81b35f50f3') in 0.016395 seconds
  Import took 0.026890 seconds .

========================================================================
Received Prepare
Registering precompiled user dll's ...
Registered in 0.002499 seconds.
Begin MonoManager ReloadAssembly
Native extension for WindowsStandalone target not found
Refreshing native plugins compatible for Editor in 0.36 ms, found 1 plugins.
Preloading 0 native plugins for Editor in 0.00 ms.
Invoked RoslynAnalysisRunner static constructor.
RoslynAnalysisRunner will not be running.
RoslynAnalysisRunner has terminated.
Mono: successfully reloaded assembly
- Completed reload, in  1.156 seconds
Platform modules already initialized, skipping
Switching build target platform(5) subTarget(0) extendedPlatform(0) -> platform(13) subTarget(537395200) extendedPlatform(0)
Refreshing native plugins compatible for Editor in 0.42 ms, found 1 plugins.
Preloading 0 native plugins for Editor in 0.00 ms.
Unloading 1808 Unused Serialized files (Serialized files now loaded: 0)
System memory in use before: 171.7 MB.
System memory in use after: 171.8 MB.

Unloading 8 unused Assets to reduce memory usage. Loaded Objects now: 2295.
Total: 1.812700 ms (FindLiveObjects: 0.168400 ms CreateObjectMapping: 0.069900 ms MarkObjects: 1.555900 ms  DeleteObjects: 0.017100 ms)

AssetImportParameters requested are different than current active one (requested -> active):
  custom:graphics/normal-map-encoding: 01000000000000000000000000000000 -> 02000000000000000000000000000000
========================================================================
Received Prepare
Registering precompiled user dll's ...
Registered in 0.001135 seconds.
Begin MonoManager ReloadAssembly
Native extension for WindowsStandalone target not found
Refreshing native plugins compatible for Editor in 0.45 ms, found 1 plugins.
Preloading 0 native plugins for Editor in 0.00 ms.
Invoked RoslynAnalysisRunner static constructor.
RoslynAnalysisRunner will not be running.
RoslynAnalysisRunner has terminated.
Mono: successfully reloaded assembly
- Completed reload, in  1.411 seconds
Platform modules already initialized, skipping
Switching build target platform(5) subTarget(0) extendedPlatform(0) -> platform(13) subTarget(537395200) extendedPlatform(0)
Refreshing native plugins compatible for Editor in 0.30 ms, found 1 plugins.
Preloading 0 native plugins for Editor in 0.00 ms.
Unloading 1808 Unused Serialized files (Serialized files now loaded: 0)
System memory in use before: 171.7 MB.
System memory in use after: 171.8 MB.

Unloading 8 unused Assets to reduce memory usage. Loaded Objects now: 2297.
Total: 2.015600 ms (FindLiveObjects: 0.175300 ms CreateObjectMapping: 0.068700 ms MarkObjects: 1.753900 ms  DeleteObjects: 0.016000 ms)

AssetImportParameters requested are different than current active one (requested -> active):
  custom:graphics/normal-map-encoding: 01000000000000000000000000000000 -> 02000000000000000000000000000000
========================================================================
Received Prepare
Registering precompiled user dll's ...
Registered in 0.002095 seconds.
Begin MonoManager ReloadAssembly
Native extension for WindowsStandalone target not found
Refreshing native plugins compatible for Editor in 0.30 ms, found 1 plugins.
Preloading 0 native plugins for Editor in 0.00 ms.
Invoked RoslynAnalysisRunner static constructor.
RoslynAnalysisRunner will not be running.
RoslynAnalysisRunner has terminated.
Mono: successfully reloaded assembly
- Completed reload, in  1.669 seconds
Platform modules already initialized, skipping
Switching build target platform(5) subTarget(0) extendedPlatform(0) -> platform(13) subTarget(537395200) extendedPlatform(0)
Refreshing native plugins compatible for Editor in 0.33 ms, found 1 plugins.
Preloading 0 native plugins for Editor in 0.00 ms.
Unloading 1808 Unused Serialized files (Serialized files now loaded: 0)
System memory in use before: 171.7 MB.
System memory in use after: 171.8 MB.

Unloading 8 unused Assets to reduce memory usage. Loaded Objects now: 2299.
Total: 2.297700 ms (FindLiveObjects: 0.301600 ms CreateObjectMapping: 0.084800 ms MarkObjects: 1.884300 ms  DeleteObjects: 0.025000 ms)

AssetImportParameters requested are different than current active one (requested -> active):
  custom:graphics/normal-map-encoding: 01000000000000000000000000000000 -> 02000000000000000000000000000000
========================================================================
Received Prepare
Registering precompiled user dll's ...
Registered in 0.001081 seconds.
Begin MonoManager ReloadAssembly
Native extension for WindowsStandalone target not found
Refreshing native plugins compatible for Editor in 0.33 ms, found 1 plugins.
Preloading 0 native plugins for Editor in 0.00 ms.
Invoked RoslynAnalysisRunner static constructor.
RoslynAnalysisRunner will not be running.
RoslynAnalysisRunner has terminated.
Mono: successfully reloaded assembly
- Completed reload, in  1.713 seconds
Platform modules already initialized, skipping
Switching build target platform(5) subTarget(0) extendedPlatform(0) -> platform(13) subTarget(537395200) extendedPlatform(0)
Refreshing native plugins compatible for Editor in 0.32 ms, found 1 plugins.
Preloading 0 native plugins for Editor in 0.00 ms.
Unloading 1808 Unused Serialized files (Serialized files now loaded: 0)
System memory in use before: 171.7 MB.
System memory in use after: 171.8 MB.

Unloading 8 unused Assets to reduce memory usage. Loaded Objects now: 2301.
Total: 2.767600 ms (FindLiveObjects: 0.294800 ms CreateObjectMapping: 0.096400 ms MarkObjects: 2.357800 ms  DeleteObjects: 0.016800 ms)

AssetImportParameters requested are different than current active one (requested -> active):
  custom:graphics/normal-map-encoding: 01000000000000000000000000000000 -> 02000000000000000000000000000000
========================================================================
Received Import Request.
  Time since last request: 423.308413 seconds.
  path: Assets/Rough Assets/char001female06jumpR03.png
  artifactKey: Guid(9a690aa1ee5189b459cc6a95ebe15677) Importer(815301076,1909f56bfc062723c751e8b465ee728b)
Start importing Assets/Rough Assets/char001female06jumpR03.png using Guid(9a690aa1ee5189b459cc6a95ebe15677) Importer(815301076,1909f56bfc062723c751e8b465ee728b)  -> (artifact id: '92939f2c696b3e285f06f2e8cd669195') in 0.400568 seconds
  Import took 0.452168 seconds .

========================================================================
Received Import Request.
  Time since last request: 0.002403 seconds.
  path: Assets/Rough Assets/char001female07duckR03.png
  artifactKey: Guid(e258c25591078eb40a8fb401969f415d) Importer(815301076,1909f56bfc062723c751e8b465ee728b)
Start importing Assets/Rough Assets/char001female07duckR03.png using Guid(e258c25591078eb40a8fb401969f415d) Importer(815301076,1909f56bfc062723c751e8b465ee728b)  -> (artifact id: 'e6dfd4a2c870079d33b8dd50a874ae87') in 0.019700 seconds
  Import took 0.030123 seconds .

========================================================================
Received Import Request.
  Time since last request: 0.000837 seconds.
  path: Assets/Rough Assets/char001female07duckR02.png
  artifactKey: Guid(28651b5799a90fc45b3f73ca6795ff0e) Importer(815301076,1909f56bfc062723c751e8b465ee728b)
Start importing Assets/Rough Assets/char001female07duckR02.png using Guid(28651b5799a90fc45b3f73ca6795ff0e) Importer(815301076,1909f56bfc062723c751e8b465ee728b)  -> (artifact id: '437380b76db4022c8582a59ec91c4c8b') in 0.047225 seconds
  Import took 0.061037 seconds .

========================================================================
Received Import Request.
  Time since last request: 0.000667 seconds.
  path: Assets/Rough Assets/char001female06jumpR05.png
  artifactKey: Guid(22c2dd88e32376447a4ad9ef187bcc98) Importer(815301076,1909f56bfc062723c751e8b465ee728b)
Start importing Assets/Rough Assets/char001female06jumpR05.png using Guid(22c2dd88e32376447a4ad9ef187bcc98) Importer(815301076,1909f56bfc062723c751e8b465ee728b)  -> (artifact id: 'c5e61f1c310b8a6822d5212edc6bc6dc') in 0.208476 seconds
  Import took 0.220899 seconds .

========================================================================
Received Import Request.
  Time since last request: 0.001463 seconds.
  path: Assets/Rough Assets/char001female06jumpR04.png
  artifactKey: Guid(078f91ba94cf3ff4688475e596c91e70) Importer(815301076,1909f56bfc062723c751e8b465ee728b)
Start importing Assets/Rough Assets/char001female06jumpR04.png using Guid(078f91ba94cf3ff4688475e596c91e70) Importer(815301076,1909f56bfc062723c751e8b465ee728b)  -> (artifact id: '49bd153ce76b1b08c1ba1bec7850419a') in 0.020527 seconds
  Import took 0.028976 seconds .

========================================================================
Received Prepare
Registering precompiled user dll's ...
Registered in 0.002357 seconds.
Begin MonoManager ReloadAssembly
Native extension for WindowsStandalone target not found
Refreshing native plugins compatible for Editor in 0.36 ms, found 1 plugins.
Preloading 0 native plugins for Editor in 0.00 ms.
Invoked RoslynAnalysisRunner static constructor.
RoslynAnalysisRunner will not be running.
RoslynAnalysisRunner has terminated.
Mono: successfully reloaded assembly
- Completed reload, in  1.772 seconds
Platform modules already initialized, skipping
Switching build target platform(5) subTarget(0) extendedPlatform(0) -> platform(13) subTarget(537395200) extendedPlatform(0)
Refreshing native plugins compatible for Editor in 0.33 ms, found 1 plugins.
Preloading 0 native plugins for Editor in 0.00 ms.
Unloading 1808 Unused Serialized files (Serialized files now loaded: 0)
System memory in use before: 171.7 MB.
System memory in use after: 171.8 MB.

Unloading 8 unused Assets to reduce memory usage. Loaded Objects now: 2306.
Total: 2.237200 ms (FindLiveObjects: 0.175900 ms CreateObjectMapping: 0.093300 ms MarkObjects: 1.947800 ms  DeleteObjects: 0.018700 ms)

AssetImportParameters requested are different than current active one (requested -> active):
  custom:graphics/normal-map-encoding: 01000000000000000000000000000000 -> 02000000000000000000000000000000
========================================================================
Received Import Request.
  Time since last request: 61.764610 seconds.
  path: Assets/Rough Assets/char001female00bow1.png
  artifactKey: Guid(d65613cb66c78b14687e1c1505a73d4a) Importer(815301076,1909f56bfc062723c751e8b465ee728b)
Start importing Assets/Rough Assets/char001female00bow1.png using Guid(d65613cb66c78b14687e1c1505a73d4a) Importer(815301076,1909f56bfc062723c751e8b465ee728b)  -> (artifact id: '0defe5c5b51acded3e6fdc997ff5c641') in 0.792010 seconds
  Import took 0.813777 seconds .

========================================================================
Received Prepare
Registering precompiled user dll's ...
Registered in 0.002034 seconds.
Begin MonoManager ReloadAssembly
Native extension for WindowsStandalone target not found
Refreshing native plugins compatible for Editor in 0.30 ms, found 1 plugins.
Preloading 0 native plugins for Editor in 0.00 ms.
Invoked RoslynAnalysisRunner static constructor.
RoslynAnalysisRunner will not be running.
RoslynAnalysisRunner has terminated.
Mono: successfully reloaded assembly
- Completed reload, in  1.410 seconds
Platform modules already initialized, skipping
Switching build target platform(5) subTarget(0) extendedPlatform(0) -> platform(13) subTarget(537395200) extendedPlatform(0)
Refreshing native plugins compatible for Editor in 0.49 ms, found 1 plugins.
Preloading 0 native plugins for Editor in 0.00 ms.
Unloading 1808 Unused Serialized files (Serialized files now loaded: 0)
System memory in use before: 171.7 MB.
System memory in use after: 171.8 MB.

Unloading 8 unused Assets to reduce memory usage. Loaded Objects now: 2309.
Total: 2.358500 ms (FindLiveObjects: 0.168700 ms CreateObjectMapping: 0.072200 ms MarkObjects: 2.100700 ms  DeleteObjects: 0.015400 ms)

AssetImportParameters requested are different than current active one (requested -> active):
  custom:graphics/normal-map-encoding: 01000000000000000000000000000000 -> 02000000000000000000000000000000
========================================================================
Received Import Request.
  Time since last request: 40.307501 seconds.
  path: Assets/Rough Assets/char001female00bow1.png
  artifactKey: Guid(d65613cb66c78b14687e1c1505a73d4a) Importer(815301076,1909f56bfc062723c751e8b465ee728b)
Start importing Assets/Rough Assets/char001female00bow1.png using Guid(d65613cb66c78b14687e1c1505a73d4a) Importer(815301076,1909f56bfc062723c751e8b465ee728b)  -> (artifact id: '800ae804acf43befcc1b00d8aa1e67d6') in 0.507598 seconds
  Import took 0.591728 seconds .

========================================================================
Received Prepare
Registering precompiled user dll's ...
Registered in 0.004029 seconds.
Begin MonoManager ReloadAssembly
Native extension for WindowsStandalone target not found
Refreshing native plugins compatible for Editor in 0.32 ms, found 1 plugins.
Preloading 0 native plugins for Editor in 0.00 ms.
Invoked RoslynAnalysisRunner static constructor.
RoslynAnalysisRunner will not be running.
RoslynAnalysisRunner has terminated.
Mono: successfully reloaded assembly
- Completed reload, in  0.964 seconds
Platform modules already initialized, skipping
Switching build target platform(5) subTarget(0) extendedPlatform(0) -> platform(13) subTarget(537395200) extendedPlatform(0)
Refreshing native plugins compatible for Editor in 0.32 ms, found 1 plugins.
Preloading 0 native plugins for Editor in 0.00 ms.
Unloading 1808 Unused Serialized files (Serialized files now loaded: 0)
System memory in use before: 171.7 MB.
System memory in use after: 171.8 MB.

Unloading 8 unused Assets to reduce memory usage. Loaded Objects now: 2312.
Total: 2.978300 ms (FindLiveObjects: 0.160000 ms CreateObjectMapping: 0.061800 ms MarkObjects: 2.738700 ms  DeleteObjects: 0.016300 ms)

AssetImportParameters requested are different than current active one (requested -> active):
  custom:graphics/normal-map-encoding: 01000000000000000000000000000000 -> 02000000000000000000000000000000
AssetImportWorkerClient::OnTransportError - code=2 error=End of file
